[0.013s] Invoking command in '/ros2_ws/build/camera': CMAKE_PREFIX_PATH=${CMAKE_PREFIX_PATH}:/opt/ros/humble /usr/bin/cmake --build /ros2_ws/build/camera -- -j12 -l12
[0.075s] [ 14%] Built target TFsetup
[0.086s] [ 28%] Built target coffee1
[0.088s] [ 42%] Built target arm
[0.097s] [ 57%] Built target transform
[0.098s] [ 71%] Built target imread
[0.098s] [ 85%] Built target coffee2
[0.104s] [100%] Built target orange
[0.118s] Invoked command in '/ros2_ws/build/camera' returned '0': CMAKE_PREFIX_PATH=${CMAKE_PREFIX_PATH}:/opt/ros/humble /usr/bin/cmake --build /ros2_ws/build/camera -- -j12 -l12
[0.128s] Invoking command in '/ros2_ws/build/camera': CMAKE_PREFIX_PATH=${CMAKE_PREFIX_PATH}:/opt/ros/humble /usr/bin/cmake --install /ros2_ws/build/camera
[0.135s] -- Install configuration: ""
[0.135s] -- Up-to-date: /ros2_ws/install/camera/lib/camera/imread
[0.136s] -- Up-to-date: /ros2_ws/install/camera/lib/camera/coffee1
[0.136s] -- Up-to-date: /ros2_ws/install/camera/lib/camera/coffee2
[0.136s] -- Up-to-date: /ros2_ws/install/camera/lib/camera/orange
[0.137s] -- Up-to-date: /ros2_ws/install/camera/lib/camera/TFsetup
[0.137s] -- Up-to-date: /ros2_ws/install/camera/lib/camera/transform
[0.137s] -- Up-to-date: /ros2_ws/install/camera/lib/camera/arm
[0.137s] -- Up-to-date: /ros2_ws/install/camera/share/camera/launch
[0.137s] -- Up-to-date: /ros2_ws/install/camera/share/camera/launch/launch.xml
[0.137s] -- Up-to-date: /ros2_ws/install/camera/share/ament_index/resource_index/package_run_dependencies/camera
[0.138s] -- Up-to-date: /ros2_ws/install/camera/share/ament_index/resource_index/parent_prefix_path/camera
[0.138s] -- Up-to-date: /ros2_ws/install/camera/share/camera/environment/ament_prefix_path.sh
[0.138s] -- Up-to-date: /ros2_ws/install/camera/share/camera/environment/ament_prefix_path.dsv
[0.138s] -- Up-to-date: /ros2_ws/install/camera/share/camera/environment/path.sh
[0.138s] -- Up-to-date: /ros2_ws/install/camera/share/camera/environment/path.dsv
[0.138s] -- Up-to-date: /ros2_ws/install/camera/share/camera/local_setup.bash
[0.138s] -- Up-to-date: /ros2_ws/install/camera/share/camera/local_setup.sh
[0.138s] -- Up-to-date: /ros2_ws/install/camera/share/camera/local_setup.zsh
[0.138s] -- Up-to-date: /ros2_ws/install/camera/share/camera/local_setup.dsv
[0.138s] -- Installing: /ros2_ws/install/camera/share/camera/package.dsv
[0.138s] -- Up-to-date: /ros2_ws/install/camera/share/ament_index/resource_index/packages/camera
[0.139s] -- Up-to-date: /ros2_ws/install/camera/share/camera/cmake/cameraConfig.cmake
[0.139s] -- Up-to-date: /ros2_ws/install/camera/share/camera/cmake/cameraConfig-version.cmake
[0.139s] -- Up-to-date: /ros2_ws/install/camera/share/camera/package.xml
[0.140s] Invoked command in '/ros2_ws/build/camera' returned '0': CMAKE_PREFIX_PATH=${CMAKE_PREFIX_PATH}:/opt/ros/humble /usr/bin/cmake --install /ros2_ws/build/camera
