[0.170s] DEBUG:colcon:Command line arguments: ['/usr/bin/colcon', 'build']
[0.170s] DEBUG:colcon:Parsed command line arguments: Namespace(log_base=None, log_level=None, verb_name='build', build_base='build', install_base='install', merge_install=False, symlink_install=False, test_result_base=None, continue_on_error=False, executor='parallel', parallel_workers=12, event_handlers=None, ignore_user_meta=False, metas=['./colcon.meta'], base_paths=['.'], packages_ignore=None, packages_ignore_regex=None, paths=None, packages_up_to=None, packages_up_to_regex=None, packages_above=None, packages_above_and_dependencies=None, packages_above_depth=None, packages_select_by_dep=None, packages_skip_by_dep=None, packages_skip_up_to=None, packages_select_build_failed=False, packages_skip_build_finished=False, packages_select_test_failures=False, packages_skip_test_passed=False, packages_select=None, packages_skip=None, packages_select_regex=None, packages_skip_regex=None, packages_start=None, packages_end=None, cmake_args=None, cmake_target=None, cmake_target_skip_unavailable=False, cmake_clean_cache=False, cmake_clean_first=False, cmake_force_configure=False, ament_cmake_args=None, catkin_cmake_args=None, catkin_skip_building_tests=False, mixin_files=None, mixin=None, verb_parser=<colcon_mixin.mixin.mixin_argument.MixinArgumentDecorator object at 0x7caba712fc10>, verb_extension=<colcon_core.verb.build.BuildVerb object at 0x7caba712f640>, main=<bound method BuildVerb.main of <colcon_core.verb.build.BuildVerb object at 0x7caba712f640>>, mixin_verb=('build',))
[0.378s] Level 1:colcon.colcon_core.package_discovery:discover_packages(colcon_meta) check parameters
[0.379s] INFO:colcon.colcon_metadata.package_discovery.colcon_meta:Using configuration from '/root/.colcon/metadata/default/Gazebo.meta'
[0.380s] INFO:colcon.colcon_metadata.package_discovery.colcon_meta:Using configuration from '/root/.colcon/metadata/default/fastdds.meta'
[0.380s] INFO:colcon.colcon_metadata.package_discovery.colcon_meta:Using configuration from '/root/.colcon/metadata/default/fastrtps.meta'
[0.380s] Level 1:colcon.colcon_core.package_discovery:discover_packages(recursive) check parameters
[0.380s] Level 1:colcon.colcon_core.package_discovery:discover_packages(ignore) check parameters
[0.380s] Level 1:colcon.colcon_core.package_discovery:discover_packages(path) check parameters
[0.381s] Level 1:colcon.colcon_core.package_discovery:discover_packages(colcon_meta) discover
[0.381s] Level 1:colcon.colcon_core.package_discovery:discover_packages(recursive) discover
[0.381s] INFO:colcon.colcon_core.package_discovery:Crawling recursively for packages in '/ros2_ws'
[0.381s] Level 1:colcon.colcon_core.package_identification:_identify(.) by extensions ['ignore', 'ignore_ament_install']
[0.381s] Level 1:colcon.colcon_core.package_identification:_identify(.) by extension 'ignore'
[0.381s] Level 1:colcon.colcon_core.package_identification:_identify(.) by extension 'ignore_ament_install'
[0.381s] Level 1:colcon.colcon_core.package_identification:_identify(.) by extensions ['colcon_pkg']
[0.381s] Level 1:colcon.colcon_core.package_identification:_identify(.) by extension 'colcon_pkg'
[0.381s] Level 1:colcon.colcon_core.package_identification:_identify(.) by extensions ['colcon_meta']
[0.381s] Level 1:colcon.colcon_core.package_identification:_identify(.) by extension 'colcon_meta'
[0.381s] Level 1:colcon.colcon_core.package_identification:_identify(.) by extensions ['ros']
[0.381s] Level 1:colcon.colcon_core.package_identification:_identify(.) by extension 'ros'
[0.395s] Level 1:colcon.colcon_core.package_identification:_identify(.) by extensions ['cmake', 'python']
[0.396s] Level 1:colcon.colcon_core.package_identification:_identify(.) by extension 'cmake'
[0.396s] Level 1:colcon.colcon_core.package_identification:_identify(.) by extension 'python'
[0.396s] Level 1:colcon.colcon_core.package_identification:_identify(.) by extensions ['python_setup_py']
[0.396s] Level 1:colcon.colcon_core.package_identification:_identify(.) by extension 'python_setup_py'
[0.396s] Level 1:colcon.colcon_core.package_identification:_identify(build) by extensions ['ignore', 'ignore_ament_install']
[0.396s] Level 1:colcon.colcon_core.package_identification:_identify(build) by extension 'ignore'
[0.396s] Level 1:colcon.colcon_core.package_identification:_identify(build) ignored
[0.396s] Level 1:colcon.colcon_core.package_identification:_identify(install) by extensions ['ignore', 'ignore_ament_install']
[0.396s] Level 1:colcon.colcon_core.package_identification:_identify(install) by extension 'ignore'
[0.396s] Level 1:colcon.colcon_core.package_identification:_identify(install) ignored
[0.396s] Level 1:colcon.colcon_core.package_identification:_identify(log) by extensions ['ignore', 'ignore_ament_install']
[0.397s] Level 1:colcon.colcon_core.package_identification:_identify(log) by extension 'ignore'
[0.397s] Level 1:colcon.colcon_core.package_identification:_identify(log) ignored
[0.397s] Level 1:colcon.colcon_core.package_identification:_identify(src) by extensions ['ignore', 'ignore_ament_install']
[0.397s] Level 1:colcon.colcon_core.package_identification:_identify(src) by extension 'ignore'
[0.397s] Level 1:colcon.colcon_core.package_identification:_identify(src) by extension 'ignore_ament_install'
[0.397s] Level 1:colcon.colcon_core.package_identification:_identify(src) by extensions ['colcon_pkg']
[0.397s] Level 1:colcon.colcon_core.package_identification:_identify(src) by extension 'colcon_pkg'
[0.397s] Level 1:colcon.colcon_core.package_identification:_identify(src) by extensions ['colcon_meta']
[0.397s] Level 1:colcon.colcon_core.package_identification:_identify(src) by extension 'colcon_meta'
[0.397s] Level 1:colcon.colcon_core.package_identification:_identify(src) by extensions ['ros']
[0.397s] Level 1:colcon.colcon_core.package_identification:_identify(src) by extension 'ros'
[0.397s] Level 1:colcon.colcon_core.package_identification:_identify(src) by extensions ['cmake', 'python']
[0.397s] Level 1:colcon.colcon_core.package_identification:_identify(src) by extension 'cmake'
[0.397s] Level 1:colcon.colcon_core.package_identification:_identify(src) by extension 'python'
[0.397s] Level 1:colcon.colcon_core.package_identification:_identify(src) by extensions ['python_setup_py']
[0.398s] Level 1:colcon.colcon_core.package_identification:_identify(src) by extension 'python_setup_py'
[0.398s] Level 1:colcon.colcon_core.package_identification:_identify(src/camera) by extensions ['ignore', 'ignore_ament_install']
[0.398s] Level 1:colcon.colcon_core.package_identification:_identify(src/camera) by extension 'ignore'
[0.398s] Level 1:colcon.colcon_core.package_identification:_identify(src/camera) by extension 'ignore_ament_install'
[0.398s] Level 1:colcon.colcon_core.package_identification:_identify(src/camera) by extensions ['colcon_pkg']
[0.398s] Level 1:colcon.colcon_core.package_identification:_identify(src/camera) by extension 'colcon_pkg'
[0.398s] Level 1:colcon.colcon_core.package_identification:_identify(src/camera) by extensions ['colcon_meta']
[0.398s] Level 1:colcon.colcon_core.package_identification:_identify(src/camera) by extension 'colcon_meta'
[0.398s] Level 1:colcon.colcon_core.package_identification:_identify(src/camera) by extensions ['ros']
[0.398s] Level 1:colcon.colcon_core.package_identification:_identify(src/camera) by extension 'ros'
[0.402s] DEBUG:colcon.colcon_core.package_identification:Package 'src/camera' with type 'ros.ament_cmake' and name 'camera'
[0.402s] Level 1:colcon.colcon_core.package_identification:_identify(src/navigation) by extensions ['ignore', 'ignore_ament_install']
[0.402s] Level 1:colcon.colcon_core.package_identification:_identify(src/navigation) by extension 'ignore'
[0.402s] Level 1:colcon.colcon_core.package_identification:_identify(src/navigation) by extension 'ignore_ament_install'
[0.402s] Level 1:colcon.colcon_core.package_identification:_identify(src/navigation) by extensions ['colcon_pkg']
[0.403s] Level 1:colcon.colcon_core.package_identification:_identify(src/navigation) by extension 'colcon_pkg'
[0.403s] Level 1:colcon.colcon_core.package_identification:_identify(src/navigation) by extensions ['colcon_meta']
[0.403s] Level 1:colcon.colcon_core.package_identification:_identify(src/navigation) by extension 'colcon_meta'
[0.403s] Level 1:colcon.colcon_core.package_identification:_identify(src/navigation) by extensions ['ros']
[0.403s] Level 1:colcon.colcon_core.package_identification:_identify(src/navigation) by extension 'ros'
[0.404s] DEBUG:colcon.colcon_core.package_identification:Package 'src/navigation' with type 'ros.ament_cmake' and name 'navigation'
[0.404s] Level 1:colcon.colcon_core.package_identification:_identify(src/realsense-pkg) by extensions ['ignore', 'ignore_ament_install']
[0.404s] Level 1:colcon.colcon_core.package_identification:_identify(src/realsense-pkg) by extension 'ignore'
[0.404s] Level 1:colcon.colcon_core.package_identification:_identify(src/realsense-pkg) by extension 'ignore_ament_install'
[0.404s] Level 1:colcon.colcon_core.package_identification:_identify(src/realsense-pkg) by extensions ['colcon_pkg']
[0.405s] Level 1:colcon.colcon_core.package_identification:_identify(src/realsense-pkg) by extension 'colcon_pkg'
[0.405s] Level 1:colcon.colcon_core.package_identification:_identify(src/realsense-pkg) by extensions ['colcon_meta']
[0.405s] Level 1:colcon.colcon_core.package_identification:_identify(src/realsense-pkg) by extension 'colcon_meta'
[0.405s] Level 1:colcon.colcon_core.package_identification:_identify(src/realsense-pkg) by extensions ['ros']
[0.405s] Level 1:colcon.colcon_core.package_identification:_identify(src/realsense-pkg) by extension 'ros'
[0.405s] Level 1:colcon.colcon_core.package_identification:_identify(src/realsense-pkg) by extensions ['cmake', 'python']
[0.405s] Level 1:colcon.colcon_core.package_identification:_identify(src/realsense-pkg) by extension 'cmake'
[0.405s] Level 1:colcon.colcon_core.package_identification:_identify(src/realsense-pkg) by extension 'python'
[0.405s] Level 1:colcon.colcon_core.package_identification:_identify(src/realsense-pkg) by extensions ['python_setup_py']
[0.405s] Level 1:colcon.colcon_core.package_identification:_identify(src/realsense-pkg) by extension 'python_setup_py'
[0.405s] Level 1:colcon.colcon_core.package_identification:_identify(src/realsense-pkg/realsense2_camera) by extensions ['ignore', 'ignore_ament_install']
[0.405s] Level 1:colcon.colcon_core.package_identification:_identify(src/realsense-pkg/realsense2_camera) by extension 'ignore'
[0.405s] Level 1:colcon.colcon_core.package_identification:_identify(src/realsense-pkg/realsense2_camera) by extension 'ignore_ament_install'
[0.406s] Level 1:colcon.colcon_core.package_identification:_identify(src/realsense-pkg/realsense2_camera) by extensions ['colcon_pkg']
[0.406s] Level 1:colcon.colcon_core.package_identification:_identify(src/realsense-pkg/realsense2_camera) by extension 'colcon_pkg'
[0.406s] Level 1:colcon.colcon_core.package_identification:_identify(src/realsense-pkg/realsense2_camera) by extensions ['colcon_meta']
[0.406s] Level 1:colcon.colcon_core.package_identification:_identify(src/realsense-pkg/realsense2_camera) by extension 'colcon_meta'
[0.406s] Level 1:colcon.colcon_core.package_identification:_identify(src/realsense-pkg/realsense2_camera) by extensions ['ros']
[0.406s] Level 1:colcon.colcon_core.package_identification:_identify(src/realsense-pkg/realsense2_camera) by extension 'ros'
[0.412s] DEBUG:colcon.colcon_core.package_identification:Package 'src/realsense-pkg/realsense2_camera' with type 'ros.ament_cmake' and name 'realsense2_camera'
[0.413s] Level 1:colcon.colcon_core.package_identification:_identify(src/realsense-pkg/realsense2_camera_msgs) by extensions ['ignore', 'ignore_ament_install']
[0.413s] Level 1:colcon.colcon_core.package_identification:_identify(src/realsense-pkg/realsense2_camera_msgs) by extension 'ignore'
[0.413s] Level 1:colcon.colcon_core.package_identification:_identify(src/realsense-pkg/realsense2_camera_msgs) by extension 'ignore_ament_install'
[0.413s] Level 1:colcon.colcon_core.package_identification:_identify(src/realsense-pkg/realsense2_camera_msgs) by extensions ['colcon_pkg']
[0.413s] Level 1:colcon.colcon_core.package_identification:_identify(src/realsense-pkg/realsense2_camera_msgs) by extension 'colcon_pkg'
[0.413s] Level 1:colcon.colcon_core.package_identification:_identify(src/realsense-pkg/realsense2_camera_msgs) by extensions ['colcon_meta']
[0.413s] Level 1:colcon.colcon_core.package_identification:_identify(src/realsense-pkg/realsense2_camera_msgs) by extension 'colcon_meta'
[0.413s] Level 1:colcon.colcon_core.package_identification:_identify(src/realsense-pkg/realsense2_camera_msgs) by extensions ['ros']
[0.413s] Level 1:colcon.colcon_core.package_identification:_identify(src/realsense-pkg/realsense2_camera_msgs) by extension 'ros'
[0.414s] DEBUG:colcon.colcon_core.package_identification:Package 'src/realsense-pkg/realsense2_camera_msgs' with type 'ros.ament_cmake' and name 'realsense2_camera_msgs'
[0.414s] Level 1:colcon.colcon_core.package_identification:_identify(src/realsense-pkg/realsense2_description) by extensions ['ignore', 'ignore_ament_install']
[0.414s] Level 1:colcon.colcon_core.package_identification:_identify(src/realsense-pkg/realsense2_description) by extension 'ignore'
[0.414s] Level 1:colcon.colcon_core.package_identification:_identify(src/realsense-pkg/realsense2_description) by extension 'ignore_ament_install'
[0.414s] Level 1:colcon.colcon_core.package_identification:_identify(src/realsense-pkg/realsense2_description) by extensions ['colcon_pkg']
[0.414s] Level 1:colcon.colcon_core.package_identification:_identify(src/realsense-pkg/realsense2_description) by extension 'colcon_pkg'
[0.414s] Level 1:colcon.colcon_core.package_identification:_identify(src/realsense-pkg/realsense2_description) by extensions ['colcon_meta']
[0.414s] Level 1:colcon.colcon_core.package_identification:_identify(src/realsense-pkg/realsense2_description) by extension 'colcon_meta'
[0.415s] Level 1:colcon.colcon_core.package_identification:_identify(src/realsense-pkg/realsense2_description) by extensions ['ros']
[0.415s] Level 1:colcon.colcon_core.package_identification:_identify(src/realsense-pkg/realsense2_description) by extension 'ros'
[0.416s] DEBUG:colcon.colcon_core.package_identification:Package 'src/realsense-pkg/realsense2_description' with type 'ros.ament_cmake' and name 'realsense2_description'
[0.416s] Level 1:colcon.colcon_core.package_identification:_identify(src/realsense-pkg/scripts) by extensions ['ignore', 'ignore_ament_install']
[0.416s] Level 1:colcon.colcon_core.package_identification:_identify(src/realsense-pkg/scripts) by extension 'ignore'
[0.416s] Level 1:colcon.colcon_core.package_identification:_identify(src/realsense-pkg/scripts) by extension 'ignore_ament_install'
[0.416s] Level 1:colcon.colcon_core.package_identification:_identify(src/realsense-pkg/scripts) by extensions ['colcon_pkg']
[0.416s] Level 1:colcon.colcon_core.package_identification:_identify(src/realsense-pkg/scripts) by extension 'colcon_pkg'
[0.416s] Level 1:colcon.colcon_core.package_identification:_identify(src/realsense-pkg/scripts) by extensions ['colcon_meta']
[0.416s] Level 1:colcon.colcon_core.package_identification:_identify(src/realsense-pkg/scripts) by extension 'colcon_meta'
[0.416s] Level 1:colcon.colcon_core.package_identification:_identify(src/realsense-pkg/scripts) by extensions ['ros']
[0.416s] Level 1:colcon.colcon_core.package_identification:_identify(src/realsense-pkg/scripts) by extension 'ros'
[0.416s] Level 1:colcon.colcon_core.package_identification:_identify(src/realsense-pkg/scripts) by extensions ['cmake', 'python']
[0.416s] Level 1:colcon.colcon_core.package_identification:_identify(src/realsense-pkg/scripts) by extension 'cmake'
[0.417s] Level 1:colcon.colcon_core.package_identification:_identify(src/realsense-pkg/scripts) by extension 'python'
[0.417s] Level 1:colcon.colcon_core.package_identification:_identify(src/realsense-pkg/scripts) by extensions ['python_setup_py']
[0.417s] Level 1:colcon.colcon_core.package_identification:_identify(src/realsense-pkg/scripts) by extension 'python_setup_py'
[0.417s] Level 1:colcon.colcon_core.package_identification:_identify(src/rospi_pre) by extensions ['ignore', 'ignore_ament_install']
[0.417s] Level 1:colcon.colcon_core.package_identification:_identify(src/rospi_pre) by extension 'ignore'
[0.417s] Level 1:colcon.colcon_core.package_identification:_identify(src/rospi_pre) by extension 'ignore_ament_install'
[0.417s] Level 1:colcon.colcon_core.package_identification:_identify(src/rospi_pre) by extensions ['colcon_pkg']
[0.417s] Level 1:colcon.colcon_core.package_identification:_identify(src/rospi_pre) by extension 'colcon_pkg'
[0.417s] Level 1:colcon.colcon_core.package_identification:_identify(src/rospi_pre) by extensions ['colcon_meta']
[0.417s] Level 1:colcon.colcon_core.package_identification:_identify(src/rospi_pre) by extension 'colcon_meta'
[0.417s] Level 1:colcon.colcon_core.package_identification:_identify(src/rospi_pre) by extensions ['ros']
[0.417s] Level 1:colcon.colcon_core.package_identification:_identify(src/rospi_pre) by extension 'ros'
[0.418s] DEBUG:colcon.colcon_core.package_identification:Package 'src/rospi_pre' with type 'ros.ament_cmake' and name 'rospi_pre'
[0.418s] Level 1:colcon.colcon_core.package_identification:_identify(src/tool) by extensions ['ignore', 'ignore_ament_install']
[0.418s] Level 1:colcon.colcon_core.package_identification:_identify(src/tool) by extension 'ignore'
[0.418s] Level 1:colcon.colcon_core.package_identification:_identify(src/tool) by extension 'ignore_ament_install'
[0.418s] Level 1:colcon.colcon_core.package_identification:_identify(src/tool) by extensions ['colcon_pkg']
[0.418s] Level 1:colcon.colcon_core.package_identification:_identify(src/tool) by extension 'colcon_pkg'
[0.418s] Level 1:colcon.colcon_core.package_identification:_identify(src/tool) by extensions ['colcon_meta']
[0.418s] Level 1:colcon.colcon_core.package_identification:_identify(src/tool) by extension 'colcon_meta'
[0.418s] Level 1:colcon.colcon_core.package_identification:_identify(src/tool) by extensions ['ros']
[0.418s] Level 1:colcon.colcon_core.package_identification:_identify(src/tool) by extension 'ros'
[0.419s] Level 1:colcon.colcon_core.package_identification:_identify(src/tool) by extensions ['cmake', 'python']
[0.419s] Level 1:colcon.colcon_core.package_identification:_identify(src/tool) by extension 'cmake'
[0.419s] Level 1:colcon.colcon_core.package_identification:_identify(src/tool) by extension 'python'
[0.419s] Level 1:colcon.colcon_core.package_identification:_identify(src/tool) by extensions ['python_setup_py']
[0.419s] Level 1:colcon.colcon_core.package_identification:_identify(src/tool) by extension 'python_setup_py'
[0.419s] Level 1:colcon.colcon_core.package_discovery:discover_packages(recursive) using defaults
[0.419s] Level 1:colcon.colcon_core.package_discovery:discover_packages(ignore) discover
[0.419s] Level 1:colcon.colcon_core.package_discovery:discover_packages(ignore) using defaults
[0.419s] Level 1:colcon.colcon_core.package_discovery:discover_packages(path) discover
[0.419s] Level 1:colcon.colcon_core.package_discovery:discover_packages(path) using defaults
[0.448s] Level 5:colcon.colcon_core.verb:set package 'camera' build argument 'cmake_args' from command line to 'None'
[0.448s] Level 5:colcon.colcon_core.verb:set package 'camera' build argument 'cmake_target' from command line to 'None'
[0.448s] Level 5:colcon.colcon_core.verb:set package 'camera' build argument 'cmake_target_skip_unavailable' from command line to 'False'
[0.448s] Level 5:colcon.colcon_core.verb:set package 'camera' build argument 'cmake_clean_cache' from command line to 'False'
[0.448s] Level 5:colcon.colcon_core.verb:set package 'camera' build argument 'cmake_clean_first' from command line to 'False'
[0.448s] Level 5:colcon.colcon_core.verb:set package 'camera' build argument 'cmake_force_configure' from command line to 'False'
[0.449s] Level 5:colcon.colcon_core.verb:set package 'camera' build argument 'ament_cmake_args' from command line to 'None'
[0.449s] Level 5:colcon.colcon_core.verb:set package 'camera' build argument 'catkin_cmake_args' from command line to 'None'
[0.449s] Level 5:colcon.colcon_core.verb:set package 'camera' build argument 'catkin_skip_building_tests' from command line to 'False'
[0.449s] DEBUG:colcon.colcon_core.verb:Building package 'camera' with the following arguments: {'ament_cmake_args': None, 'build_base': '/ros2_ws/build/camera', 'catkin_cmake_args': None, 'catkin_skip_building_tests': False, 'cmake_args': None, 'cmake_clean_cache': False, 'cmake_clean_first': False, 'cmake_force_configure': False, 'cmake_target': None, 'cmake_target_skip_unavailable': False, 'install_base': '/ros2_ws/install/camera', 'merge_install': False, 'path': '/ros2_ws/src/camera', 'symlink_install': False, 'test_result_base': None}
[0.449s] Level 5:colcon.colcon_core.verb:set package 'realsense2_camera_msgs' build argument 'cmake_args' from command line to 'None'
[0.449s] Level 5:colcon.colcon_core.verb:set package 'realsense2_camera_msgs' build argument 'cmake_target' from command line to 'None'
[0.449s] Level 5:colcon.colcon_core.verb:set package 'realsense2_camera_msgs' build argument 'cmake_target_skip_unavailable' from command line to 'False'
[0.449s] Level 5:colcon.colcon_core.verb:set package 'realsense2_camera_msgs' build argument 'cmake_clean_cache' from command line to 'False'
[0.449s] Level 5:colcon.colcon_core.verb:set package 'realsense2_camera_msgs' build argument 'cmake_clean_first' from command line to 'False'
[0.449s] Level 5:colcon.colcon_core.verb:set package 'realsense2_camera_msgs' build argument 'cmake_force_configure' from command line to 'False'
[0.449s] Level 5:colcon.colcon_core.verb:set package 'realsense2_camera_msgs' build argument 'ament_cmake_args' from command line to 'None'
[0.449s] Level 5:colcon.colcon_core.verb:set package 'realsense2_camera_msgs' build argument 'catkin_cmake_args' from command line to 'None'
[0.449s] Level 5:colcon.colcon_core.verb:set package 'realsense2_camera_msgs' build argument 'catkin_skip_building_tests' from command line to 'False'
[0.449s] DEBUG:colcon.colcon_core.verb:Building package 'realsense2_camera_msgs' with the following arguments: {'ament_cmake_args': None, 'build_base': '/ros2_ws/build/realsense2_camera_msgs', 'catkin_cmake_args': None, 'catkin_skip_building_tests': False, 'cmake_args': None, 'cmake_clean_cache': False, 'cmake_clean_first': False, 'cmake_force_configure': False, 'cmake_target': None, 'cmake_target_skip_unavailable': False, 'install_base': '/ros2_ws/install/realsense2_camera_msgs', 'merge_install': False, 'path': '/ros2_ws/src/realsense-pkg/realsense2_camera_msgs', 'symlink_install': False, 'test_result_base': None}
[0.450s] Level 5:colcon.colcon_core.verb:set package 'rospi_pre' build argument 'cmake_args' from command line to 'None'
[0.450s] Level 5:colcon.colcon_core.verb:set package 'rospi_pre' build argument 'cmake_target' from command line to 'None'
[0.450s] Level 5:colcon.colcon_core.verb:set package 'rospi_pre' build argument 'cmake_target_skip_unavailable' from command line to 'False'
[0.450s] Level 5:colcon.colcon_core.verb:set package 'rospi_pre' build argument 'cmake_clean_cache' from command line to 'False'
[0.450s] Level 5:colcon.colcon_core.verb:set package 'rospi_pre' build argument 'cmake_clean_first' from command line to 'False'
[0.450s] Level 5:colcon.colcon_core.verb:set package 'rospi_pre' build argument 'cmake_force_configure' from command line to 'False'
[0.450s] Level 5:colcon.colcon_core.verb:set package 'rospi_pre' build argument 'ament_cmake_args' from command line to 'None'
[0.450s] Level 5:colcon.colcon_core.verb:set package 'rospi_pre' build argument 'catkin_cmake_args' from command line to 'None'
[0.450s] Level 5:colcon.colcon_core.verb:set package 'rospi_pre' build argument 'catkin_skip_building_tests' from command line to 'False'
[0.450s] DEBUG:colcon.colcon_core.verb:Building package 'rospi_pre' with the following arguments: {'ament_cmake_args': None, 'build_base': '/ros2_ws/build/rospi_pre', 'catkin_cmake_args': None, 'catkin_skip_building_tests': False, 'cmake_args': None, 'cmake_clean_cache': False, 'cmake_clean_first': False, 'cmake_force_configure': False, 'cmake_target': None, 'cmake_target_skip_unavailable': False, 'install_base': '/ros2_ws/install/rospi_pre', 'merge_install': False, 'path': '/ros2_ws/src/rospi_pre', 'symlink_install': False, 'test_result_base': None}
[0.450s] Level 5:colcon.colcon_core.verb:set package 'navigation' build argument 'cmake_args' from command line to 'None'
[0.451s] Level 5:colcon.colcon_core.verb:set package 'navigation' build argument 'cmake_target' from command line to 'None'
[0.451s] Level 5:colcon.colcon_core.verb:set package 'navigation' build argument 'cmake_target_skip_unavailable' from command line to 'False'
[0.451s] Level 5:colcon.colcon_core.verb:set package 'navigation' build argument 'cmake_clean_cache' from command line to 'False'
[0.451s] Level 5:colcon.colcon_core.verb:set package 'navigation' build argument 'cmake_clean_first' from command line to 'False'
[0.451s] Level 5:colcon.colcon_core.verb:set package 'navigation' build argument 'cmake_force_configure' from command line to 'False'
[0.451s] Level 5:colcon.colcon_core.verb:set package 'navigation' build argument 'ament_cmake_args' from command line to 'None'
[0.451s] Level 5:colcon.colcon_core.verb:set package 'navigation' build argument 'catkin_cmake_args' from command line to 'None'
[0.451s] Level 5:colcon.colcon_core.verb:set package 'navigation' build argument 'catkin_skip_building_tests' from command line to 'False'
[0.451s] DEBUG:colcon.colcon_core.verb:Building package 'navigation' with the following arguments: {'ament_cmake_args': None, 'build_base': '/ros2_ws/build/navigation', 'catkin_cmake_args': None, 'catkin_skip_building_tests': False, 'cmake_args': None, 'cmake_clean_cache': False, 'cmake_clean_first': False, 'cmake_force_configure': False, 'cmake_target': None, 'cmake_target_skip_unavailable': False, 'install_base': '/ros2_ws/install/navigation', 'merge_install': False, 'path': '/ros2_ws/src/navigation', 'symlink_install': False, 'test_result_base': None}
[0.451s] Level 5:colcon.colcon_core.verb:set package 'realsense2_camera' build argument 'cmake_args' from command line to 'None'
[0.451s] Level 5:colcon.colcon_core.verb:set package 'realsense2_camera' build argument 'cmake_target' from command line to 'None'
[0.451s] Level 5:colcon.colcon_core.verb:set package 'realsense2_camera' build argument 'cmake_target_skip_unavailable' from command line to 'False'
[0.451s] Level 5:colcon.colcon_core.verb:set package 'realsense2_camera' build argument 'cmake_clean_cache' from command line to 'False'
[0.451s] Level 5:colcon.colcon_core.verb:set package 'realsense2_camera' build argument 'cmake_clean_first' from command line to 'False'
[0.451s] Level 5:colcon.colcon_core.verb:set package 'realsense2_camera' build argument 'cmake_force_configure' from command line to 'False'
[0.451s] Level 5:colcon.colcon_core.verb:set package 'realsense2_camera' build argument 'ament_cmake_args' from command line to 'None'
[0.451s] Level 5:colcon.colcon_core.verb:set package 'realsense2_camera' build argument 'catkin_cmake_args' from command line to 'None'
[0.451s] Level 5:colcon.colcon_core.verb:set package 'realsense2_camera' build argument 'catkin_skip_building_tests' from command line to 'False'
[0.451s] DEBUG:colcon.colcon_core.verb:Building package 'realsense2_camera' with the following arguments: {'ament_cmake_args': None, 'build_base': '/ros2_ws/build/realsense2_camera', 'catkin_cmake_args': None, 'catkin_skip_building_tests': False, 'cmake_args': None, 'cmake_clean_cache': False, 'cmake_clean_first': False, 'cmake_force_configure': False, 'cmake_target': None, 'cmake_target_skip_unavailable': False, 'install_base': '/ros2_ws/install/realsense2_camera', 'merge_install': False, 'path': '/ros2_ws/src/realsense-pkg/realsense2_camera', 'symlink_install': False, 'test_result_base': None}
[0.452s] Level 5:colcon.colcon_core.verb:set package 'realsense2_description' build argument 'cmake_args' from command line to 'None'
[0.452s] Level 5:colcon.colcon_core.verb:set package 'realsense2_description' build argument 'cmake_target' from command line to 'None'
[0.452s] Level 5:colcon.colcon_core.verb:set package 'realsense2_description' build argument 'cmake_target_skip_unavailable' from command line to 'False'
[0.452s] Level 5:colcon.colcon_core.verb:set package 'realsense2_description' build argument 'cmake_clean_cache' from command line to 'False'
[0.452s] Level 5:colcon.colcon_core.verb:set package 'realsense2_description' build argument 'cmake_clean_first' from command line to 'False'
[0.452s] Level 5:colcon.colcon_core.verb:set package 'realsense2_description' build argument 'cmake_force_configure' from command line to 'False'
[0.452s] Level 5:colcon.colcon_core.verb:set package 'realsense2_description' build argument 'ament_cmake_args' from command line to 'None'
[0.452s] Level 5:colcon.colcon_core.verb:set package 'realsense2_description' build argument 'catkin_cmake_args' from command line to 'None'
[0.452s] Level 5:colcon.colcon_core.verb:set package 'realsense2_description' build argument 'catkin_skip_building_tests' from command line to 'False'
[0.452s] DEBUG:colcon.colcon_core.verb:Building package 'realsense2_description' with the following arguments: {'ament_cmake_args': None, 'build_base': '/ros2_ws/build/realsense2_description', 'catkin_cmake_args': None, 'catkin_skip_building_tests': False, 'cmake_args': None, 'cmake_clean_cache': False, 'cmake_clean_first': False, 'cmake_force_configure': False, 'cmake_target': None, 'cmake_target_skip_unavailable': False, 'install_base': '/ros2_ws/install/realsense2_description', 'merge_install': False, 'path': '/ros2_ws/src/realsense-pkg/realsense2_description', 'symlink_install': False, 'test_result_base': None}
[0.452s] INFO:colcon.colcon_core.executor:Executing jobs using 'parallel' executor
[0.453s] DEBUG:colcon.colcon_parallel_executor.executor.parallel:run_until_complete
[0.454s] INFO:colcon.colcon_ros.task.ament_cmake.build:Building ROS package in '/ros2_ws/src/realsense-pkg/realsense2_camera_msgs' with build type 'ament_cmake'
[0.454s] INFO:colcon.colcon_cmake.task.cmake.build:Building CMake package in '/ros2_ws/src/realsense-pkg/realsense2_camera_msgs'
[0.470s] INFO:colcon.colcon_core.plugin_system:Skipping extension 'colcon_core.shell.bat': Not used on non-Windows systems
[0.470s] INFO:colcon.colcon_core.shell:Skip shell extension 'powershell' for command environment: Not usable outside of PowerShell
[0.470s] DEBUG:colcon.colcon_core.shell:Skip shell extension 'dsv' for command environment
[0.477s] INFO:colcon.colcon_ros.task.ament_cmake.build:Building ROS package in '/ros2_ws/src/rospi_pre' with build type 'ament_cmake'
[0.477s] INFO:colcon.colcon_cmake.task.cmake.build:Building CMake package in '/ros2_ws/src/rospi_pre'
[0.478s] INFO:colcon.colcon_core.shell:Skip shell extension 'powershell' for command environment: Not usable outside of PowerShell
[0.478s] DEBUG:colcon.colcon_core.shell:Skip shell extension 'dsv' for command environment
[0.482s] INFO:colcon.colcon_ros.task.ament_cmake.build:Building ROS package in '/ros2_ws/src/camera' with build type 'ament_cmake'
[0.483s] INFO:colcon.colcon_cmake.task.cmake.build:Building CMake package in '/ros2_ws/src/camera'
[0.483s] INFO:colcon.colcon_core.shell:Skip shell extension 'powershell' for command environment: Not usable outside of PowerShell
[0.483s] DEBUG:colcon.colcon_core.shell:Skip shell extension 'dsv' for command environment
[0.492s] DEBUG:colcon.colcon_core.event_handler.log_command:Invoking command in '/ros2_ws/build/realsense2_camera_msgs': CMAKE_PREFIX_PATH=${CMAKE_PREFIX_PATH}:/opt/ros/humble /usr/bin/cmake --build /ros2_ws/build/realsense2_camera_msgs -- -j12 -l12
[0.498s] DEBUG:colcon.colcon_core.event_handler.log_command:Invoking command in '/ros2_ws/build/rospi_pre': CMAKE_PREFIX_PATH=${CMAKE_PREFIX_PATH}:/opt/ros/humble /usr/bin/cmake --build /ros2_ws/build/rospi_pre -- -j12 -l12
[0.502s] DEBUG:colcon.colcon_core.event_handler.log_command:Invoking command in '/ros2_ws/build/camera': CMAKE_PREFIX_PATH=${CMAKE_PREFIX_PATH}:/opt/ros/humble /usr/bin/cmake --build /ros2_ws/build/camera -- -j12 -l12
[0.868s] DEBUG:colcon.colcon_core.event_handler.log_command:Invoked command in '/ros2_ws/build/rospi_pre' returned '0': CMAKE_PREFIX_PATH=${CMAKE_PREFIX_PATH}:/opt/ros/humble /usr/bin/cmake --build /ros2_ws/build/rospi_pre -- -j12 -l12
[0.876s] DEBUG:colcon.colcon_core.event_handler.log_command:Invoking command in '/ros2_ws/build/rospi_pre': CMAKE_PREFIX_PATH=${CMAKE_PREFIX_PATH}:/opt/ros/humble /usr/bin/cmake --install /ros2_ws/build/rospi_pre
[0.877s] DEBUG:colcon.colcon_core.event_handler.log_command:Invoked command in '/ros2_ws/build/realsense2_camera_msgs' returned '0': CMAKE_PREFIX_PATH=${CMAKE_PREFIX_PATH}:/opt/ros/humble /usr/bin/cmake --build /ros2_ws/build/realsense2_camera_msgs -- -j12 -l12
[0.879s] DEBUG:colcon.colcon_core.event_handler.log_command:Invoking command in '/ros2_ws/build/realsense2_camera_msgs': CMAKE_PREFIX_PATH=${CMAKE_PREFIX_PATH}:/opt/ros/humble /usr/bin/cmake --install /ros2_ws/build/realsense2_camera_msgs
[0.926s] Level 1:colcon.colcon_core.environment:create_environment_scripts_only(rospi_pre)
[0.929s] DEBUG:colcon.colcon_core.event_handler.log_command:Invoked command in '/ros2_ws/build/rospi_pre' returned '0': CMAKE_PREFIX_PATH=${CMAKE_PREFIX_PATH}:/opt/ros/humble /usr/bin/cmake --install /ros2_ws/build/rospi_pre
[0.936s] Level 1:colcon.colcon_core.environment:checking '/ros2_ws/install/rospi_pre' for CMake module files
[0.936s] Level 1:colcon.colcon_core.environment:checking '/ros2_ws/install/rospi_pre' for CMake config files
[0.936s] Level 1:colcon.colcon_core.shell:create_environment_hook('rospi_pre', 'cmake_prefix_path')
[0.937s] INFO:colcon.colcon_core.shell:Creating environment hook '/ros2_ws/install/rospi_pre/share/rospi_pre/hook/cmake_prefix_path.ps1'
[0.937s] INFO:colcon.colcon_core.shell:Creating environment descriptor '/ros2_ws/install/rospi_pre/share/rospi_pre/hook/cmake_prefix_path.dsv'
[0.938s] INFO:colcon.colcon_core.shell:Creating environment hook '/ros2_ws/install/rospi_pre/share/rospi_pre/hook/cmake_prefix_path.sh'
[0.939s] Level 1:colcon.colcon_core.environment:checking '/ros2_ws/install/rospi_pre/lib'
[0.939s] Level 1:colcon.colcon_core.shell:create_environment_hook('rospi_pre', 'ld_library_path_lib')
[0.939s] INFO:colcon.colcon_core.shell:Creating environment hook '/ros2_ws/install/rospi_pre/share/rospi_pre/hook/ld_library_path_lib.ps1'
[0.940s] INFO:colcon.colcon_core.shell:Creating environment descriptor '/ros2_ws/install/rospi_pre/share/rospi_pre/hook/ld_library_path_lib.dsv'
[0.940s] INFO:colcon.colcon_core.shell:Creating environment hook '/ros2_ws/install/rospi_pre/share/rospi_pre/hook/ld_library_path_lib.sh'
[0.941s] Level 1:colcon.colcon_core.environment:checking '/ros2_ws/install/rospi_pre/bin'
[0.941s] Level 1:colcon.colcon_core.environment:checking '/ros2_ws/install/rospi_pre/lib/pkgconfig/rospi_pre.pc'
[0.942s] Level 1:colcon.colcon_core.environment:checking '/ros2_ws/install/rospi_pre/lib/python3.10/site-packages'
[0.942s] Level 1:colcon.colcon_core.environment:checking '/ros2_ws/install/rospi_pre/bin'
[0.943s] INFO:colcon.colcon_core.shell:Creating package script '/ros2_ws/install/rospi_pre/share/rospi_pre/package.ps1'
[0.943s] INFO:colcon.colcon_core.shell:Creating package descriptor '/ros2_ws/install/rospi_pre/share/rospi_pre/package.dsv'
[0.944s] INFO:colcon.colcon_core.shell:Creating package script '/ros2_ws/install/rospi_pre/share/rospi_pre/package.sh'
[0.945s] INFO:colcon.colcon_core.shell:Creating package script '/ros2_ws/install/rospi_pre/share/rospi_pre/package.bash'
[0.946s] INFO:colcon.colcon_core.shell:Creating package script '/ros2_ws/install/rospi_pre/share/rospi_pre/package.zsh'
[0.947s] Level 1:colcon.colcon_core.environment:create_file_with_runtime_dependencies(/ros2_ws/install/rospi_pre/share/colcon-core/packages/rospi_pre)
[0.948s] Level 1:colcon.colcon_core.environment:create_environment_scripts_only(rospi_pre)
[0.948s] Level 1:colcon.colcon_core.environment:checking '/ros2_ws/install/rospi_pre' for CMake module files
[0.948s] Level 1:colcon.colcon_core.environment:checking '/ros2_ws/install/rospi_pre' for CMake config files
[0.949s] Level 1:colcon.colcon_core.shell:create_environment_hook('rospi_pre', 'cmake_prefix_path')
[0.949s] INFO:colcon.colcon_core.shell:Creating environment hook '/ros2_ws/install/rospi_pre/share/rospi_pre/hook/cmake_prefix_path.ps1'
[0.949s] INFO:colcon.colcon_core.shell:Creating environment descriptor '/ros2_ws/install/rospi_pre/share/rospi_pre/hook/cmake_prefix_path.dsv'
[0.949s] INFO:colcon.colcon_core.shell:Creating environment hook '/ros2_ws/install/rospi_pre/share/rospi_pre/hook/cmake_prefix_path.sh'
[0.950s] Level 1:colcon.colcon_core.environment:checking '/ros2_ws/install/rospi_pre/lib'
[0.950s] Level 1:colcon.colcon_core.shell:create_environment_hook('rospi_pre', 'ld_library_path_lib')
[0.950s] INFO:colcon.colcon_core.shell:Creating environment hook '/ros2_ws/install/rospi_pre/share/rospi_pre/hook/ld_library_path_lib.ps1'
[0.950s] INFO:colcon.colcon_core.shell:Creating environment descriptor '/ros2_ws/install/rospi_pre/share/rospi_pre/hook/ld_library_path_lib.dsv'
[0.951s] INFO:colcon.colcon_core.shell:Creating environment hook '/ros2_ws/install/rospi_pre/share/rospi_pre/hook/ld_library_path_lib.sh'
[0.951s] Level 1:colcon.colcon_core.environment:checking '/ros2_ws/install/rospi_pre/bin'
[0.951s] Level 1:colcon.colcon_core.environment:checking '/ros2_ws/install/rospi_pre/lib/pkgconfig/rospi_pre.pc'
[0.951s] Level 1:colcon.colcon_core.environment:checking '/ros2_ws/install/rospi_pre/lib/python3.10/site-packages'
[0.951s] Level 1:colcon.colcon_core.environment:checking '/ros2_ws/install/rospi_pre/bin'
[0.952s] INFO:colcon.colcon_core.shell:Creating package script '/ros2_ws/install/rospi_pre/share/rospi_pre/package.ps1'
[0.952s] INFO:colcon.colcon_core.shell:Creating package descriptor '/ros2_ws/install/rospi_pre/share/rospi_pre/package.dsv'
[0.952s] INFO:colcon.colcon_core.shell:Creating package script '/ros2_ws/install/rospi_pre/share/rospi_pre/package.sh'
[0.953s] INFO:colcon.colcon_core.shell:Creating package script '/ros2_ws/install/rospi_pre/share/rospi_pre/package.bash'
[0.953s] INFO:colcon.colcon_core.shell:Creating package script '/ros2_ws/install/rospi_pre/share/rospi_pre/package.zsh'
[0.954s] Level 1:colcon.colcon_core.environment:create_file_with_runtime_dependencies(/ros2_ws/install/rospi_pre/share/colcon-core/packages/rospi_pre)
[0.955s] INFO:colcon.colcon_ros.task.ament_cmake.build:Building ROS package in '/ros2_ws/src/navigation' with build type 'ament_cmake'
[0.955s] INFO:colcon.colcon_cmake.task.cmake.build:Building CMake package in '/ros2_ws/src/navigation'
[0.955s] INFO:colcon.colcon_core.shell:Skip shell extension 'powershell' for command environment: Not usable outside of PowerShell
[0.955s] DEBUG:colcon.colcon_core.shell:Skip shell extension 'dsv' for command environment
[0.960s] Level 1:colcon.colcon_core.environment:create_environment_scripts_only(realsense2_camera_msgs)
[0.960s] Level 1:colcon.colcon_core.environment:checking '/ros2_ws/install/realsense2_camera_msgs' for CMake module files
[0.960s] DEBUG:colcon.colcon_core.event_handler.log_command:Invoked command in '/ros2_ws/build/realsense2_camera_msgs' returned '0': CMAKE_PREFIX_PATH=${CMAKE_PREFIX_PATH}:/opt/ros/humble /usr/bin/cmake --install /ros2_ws/build/realsense2_camera_msgs
[0.961s] Level 1:colcon.colcon_core.environment:checking '/ros2_ws/install/realsense2_camera_msgs' for CMake config files
[0.961s] Level 1:colcon.colcon_core.shell:create_environment_hook('realsense2_camera_msgs', 'cmake_prefix_path')
[0.961s] INFO:colcon.colcon_core.shell:Creating environment hook '/ros2_ws/install/realsense2_camera_msgs/share/realsense2_camera_msgs/hook/cmake_prefix_path.ps1'
[0.962s] INFO:colcon.colcon_core.shell:Creating environment descriptor '/ros2_ws/install/realsense2_camera_msgs/share/realsense2_camera_msgs/hook/cmake_prefix_path.dsv'
[0.962s] INFO:colcon.colcon_core.shell:Creating environment hook '/ros2_ws/install/realsense2_camera_msgs/share/realsense2_camera_msgs/hook/cmake_prefix_path.sh'
[0.962s] Level 1:colcon.colcon_core.environment:checking '/ros2_ws/install/realsense2_camera_msgs/lib'
[0.962s] Level 1:colcon.colcon_core.shell:create_environment_hook('realsense2_camera_msgs', 'ld_library_path_lib')
[0.963s] INFO:colcon.colcon_core.shell:Creating environment hook '/ros2_ws/install/realsense2_camera_msgs/share/realsense2_camera_msgs/hook/ld_library_path_lib.ps1'
[0.963s] INFO:colcon.colcon_core.shell:Creating environment descriptor '/ros2_ws/install/realsense2_camera_msgs/share/realsense2_camera_msgs/hook/ld_library_path_lib.dsv'
[0.963s] INFO:colcon.colcon_core.shell:Creating environment hook '/ros2_ws/install/realsense2_camera_msgs/share/realsense2_camera_msgs/hook/ld_library_path_lib.sh'
[0.963s] Level 1:colcon.colcon_core.environment:checking '/ros2_ws/install/realsense2_camera_msgs/bin'
[0.964s] Level 1:colcon.colcon_core.environment:checking '/ros2_ws/install/realsense2_camera_msgs/lib/pkgconfig/realsense2_camera_msgs.pc'
[0.964s] Level 1:colcon.colcon_core.environment:checking '/ros2_ws/install/realsense2_camera_msgs/lib/python3.10/site-packages'
[0.964s] Level 1:colcon.colcon_core.environment:checking '/ros2_ws/install/realsense2_camera_msgs/bin'
[0.964s] INFO:colcon.colcon_core.shell:Creating package script '/ros2_ws/install/realsense2_camera_msgs/share/realsense2_camera_msgs/package.ps1'
[0.965s] INFO:colcon.colcon_core.shell:Creating package descriptor '/ros2_ws/install/realsense2_camera_msgs/share/realsense2_camera_msgs/package.dsv'
[0.965s] INFO:colcon.colcon_core.shell:Creating package script '/ros2_ws/install/realsense2_camera_msgs/share/realsense2_camera_msgs/package.sh'
[0.965s] INFO:colcon.colcon_core.shell:Creating package script '/ros2_ws/install/realsense2_camera_msgs/share/realsense2_camera_msgs/package.bash'
[0.966s] INFO:colcon.colcon_core.shell:Creating package script '/ros2_ws/install/realsense2_camera_msgs/share/realsense2_camera_msgs/package.zsh'
[0.966s] Level 1:colcon.colcon_core.environment:create_file_with_runtime_dependencies(/ros2_ws/install/realsense2_camera_msgs/share/colcon-core/packages/realsense2_camera_msgs)
[0.966s] Level 1:colcon.colcon_core.environment:create_environment_scripts_only(realsense2_camera_msgs)
[0.967s] Level 1:colcon.colcon_core.environment:checking '/ros2_ws/install/realsense2_camera_msgs' for CMake module files
[0.967s] Level 1:colcon.colcon_core.environment:checking '/ros2_ws/install/realsense2_camera_msgs' for CMake config files
[0.967s] Level 1:colcon.colcon_core.shell:create_environment_hook('realsense2_camera_msgs', 'cmake_prefix_path')
[0.967s] INFO:colcon.colcon_core.shell:Creating environment hook '/ros2_ws/install/realsense2_camera_msgs/share/realsense2_camera_msgs/hook/cmake_prefix_path.ps1'
[0.968s] INFO:colcon.colcon_core.shell:Creating environment descriptor '/ros2_ws/install/realsense2_camera_msgs/share/realsense2_camera_msgs/hook/cmake_prefix_path.dsv'
[0.968s] INFO:colcon.colcon_core.shell:Creating environment hook '/ros2_ws/install/realsense2_camera_msgs/share/realsense2_camera_msgs/hook/cmake_prefix_path.sh'
[0.968s] Level 1:colcon.colcon_core.environment:checking '/ros2_ws/install/realsense2_camera_msgs/lib'
[0.969s] Level 1:colcon.colcon_core.shell:create_environment_hook('realsense2_camera_msgs', 'ld_library_path_lib')
[0.969s] INFO:colcon.colcon_core.shell:Creating environment hook '/ros2_ws/install/realsense2_camera_msgs/share/realsense2_camera_msgs/hook/ld_library_path_lib.ps1'
[0.969s] INFO:colcon.colcon_core.shell:Creating environment descriptor '/ros2_ws/install/realsense2_camera_msgs/share/realsense2_camera_msgs/hook/ld_library_path_lib.dsv'
[0.969s] INFO:colcon.colcon_core.shell:Creating environment hook '/ros2_ws/install/realsense2_camera_msgs/share/realsense2_camera_msgs/hook/ld_library_path_lib.sh'
[0.970s] Level 1:colcon.colcon_core.environment:checking '/ros2_ws/install/realsense2_camera_msgs/bin'
[0.970s] Level 1:colcon.colcon_core.environment:checking '/ros2_ws/install/realsense2_camera_msgs/lib/pkgconfig/realsense2_camera_msgs.pc'
[0.970s] Level 1:colcon.colcon_core.environment:checking '/ros2_ws/install/realsense2_camera_msgs/lib/python3.10/site-packages'
[0.970s] Level 1:colcon.colcon_core.environment:checking '/ros2_ws/install/realsense2_camera_msgs/bin'
[0.970s] INFO:colcon.colcon_core.shell:Creating package script '/ros2_ws/install/realsense2_camera_msgs/share/realsense2_camera_msgs/package.ps1'
[0.971s] INFO:colcon.colcon_core.shell:Creating package descriptor '/ros2_ws/install/realsense2_camera_msgs/share/realsense2_camera_msgs/package.dsv'
[0.971s] INFO:colcon.colcon_core.shell:Creating package script '/ros2_ws/install/realsense2_camera_msgs/share/realsense2_camera_msgs/package.sh'
[0.972s] INFO:colcon.colcon_core.shell:Creating package script '/ros2_ws/install/realsense2_camera_msgs/share/realsense2_camera_msgs/package.bash'
[0.972s] INFO:colcon.colcon_core.shell:Creating package script '/ros2_ws/install/realsense2_camera_msgs/share/realsense2_camera_msgs/package.zsh'
[0.972s] Level 1:colcon.colcon_core.environment:create_file_with_runtime_dependencies(/ros2_ws/install/realsense2_camera_msgs/share/colcon-core/packages/realsense2_camera_msgs)
[0.973s] INFO:colcon.colcon_ros.task.ament_cmake.build:Building ROS package in '/ros2_ws/src/realsense-pkg/realsense2_camera' with build type 'ament_cmake'
[0.973s] INFO:colcon.colcon_cmake.task.cmake.build:Building CMake package in '/ros2_ws/src/realsense-pkg/realsense2_camera'
[0.973s] INFO:colcon.colcon_core.shell:Skip shell extension 'powershell' for command environment: Not usable outside of PowerShell
[0.974s] DEBUG:colcon.colcon_core.shell:Skip shell extension 'dsv' for command environment
[0.977s] INFO:colcon.colcon_ros.task.ament_cmake.build:Building ROS package in '/ros2_ws/src/realsense-pkg/realsense2_description' with build type 'ament_cmake'
[0.977s] INFO:colcon.colcon_cmake.task.cmake.build:Building CMake package in '/ros2_ws/src/realsense-pkg/realsense2_description'
[0.977s] INFO:colcon.colcon_core.shell:Skip shell extension 'powershell' for command environment: Not usable outside of PowerShell
[0.977s] DEBUG:colcon.colcon_core.shell:Skip shell extension 'dsv' for command environment
[0.984s] DEBUG:colcon.colcon_core.event_handler.log_command:Invoking command in '/ros2_ws/build/navigation': CMAKE_PREFIX_PATH=/ros2_ws/install/rospi_pre:/ros2_ws/install/navigation:/ros2_ws/install/realsense2_description:/ros2_ws/install/realsense2_camera:/ros2_ws/install/realsense2_camera_msgs:/ros2_ws/install/camera:/opt/ros/humble /usr/bin/cmake --build /ros2_ws/build/navigation -- -j12 -l12
[0.988s] DEBUG:colcon.colcon_core.event_handler.log_command:Invoking command in '/ros2_ws/build/realsense2_camera': CMAKE_PREFIX_PATH=/ros2_ws/install/realsense2_camera_msgs:/ros2_ws/install/navigation:/ros2_ws/install/rospi_pre:/ros2_ws/install/realsense2_description:/ros2_ws/install/realsense2_camera:/ros2_ws/install/camera:/opt/ros/humble LD_LIBRARY_PATH=/ros2_ws/install/realsense2_camera_msgs/lib:/ros2_ws/install/rospi_pre/lib:/ros2_ws/install/realsense2_camera/lib:/opt/ros/humble/opt/rviz_ogre_vendor/lib:/opt/ros/humble/lib/x86_64-linux-gnu:/opt/ros/humble/lib /usr/bin/cmake --build /ros2_ws/build/realsense2_camera -- -j12 -l12
[0.991s] DEBUG:colcon.colcon_core.event_handler.log_command:Invoking command in '/ros2_ws/build/realsense2_description': CMAKE_PREFIX_PATH=/ros2_ws/install/realsense2_camera_msgs:/ros2_ws/install/navigation:/ros2_ws/install/rospi_pre:/ros2_ws/install/realsense2_description:/ros2_ws/install/realsense2_camera:/ros2_ws/install/camera:/opt/ros/humble LD_LIBRARY_PATH=/ros2_ws/install/realsense2_camera_msgs/lib:/ros2_ws/install/rospi_pre/lib:/ros2_ws/install/realsense2_camera/lib:/opt/ros/humble/opt/rviz_ogre_vendor/lib:/opt/ros/humble/lib/x86_64-linux-gnu:/opt/ros/humble/lib /usr/bin/cmake --build /ros2_ws/build/realsense2_description -- -j12 -l12
[1.035s] DEBUG:colcon.colcon_core.event_handler.log_command:Invoked command in '/ros2_ws/build/realsense2_description' returned '0': CMAKE_PREFIX_PATH=/ros2_ws/install/realsense2_camera_msgs:/ros2_ws/install/navigation:/ros2_ws/install/rospi_pre:/ros2_ws/install/realsense2_description:/ros2_ws/install/realsense2_camera:/ros2_ws/install/camera:/opt/ros/humble LD_LIBRARY_PATH=/ros2_ws/install/realsense2_camera_msgs/lib:/ros2_ws/install/rospi_pre/lib:/ros2_ws/install/realsense2_camera/lib:/opt/ros/humble/opt/rviz_ogre_vendor/lib:/opt/ros/humble/lib/x86_64-linux-gnu:/opt/ros/humble/lib /usr/bin/cmake --build /ros2_ws/build/realsense2_description -- -j12 -l12
[1.043s] DEBUG:colcon.colcon_core.event_handler.log_command:Invoking command in '/ros2_ws/build/realsense2_description': CMAKE_PREFIX_PATH=/ros2_ws/install/realsense2_camera_msgs:/ros2_ws/install/navigation:/ros2_ws/install/rospi_pre:/ros2_ws/install/realsense2_description:/ros2_ws/install/realsense2_camera:/ros2_ws/install/camera:/opt/ros/humble LD_LIBRARY_PATH=/ros2_ws/install/realsense2_camera_msgs/lib:/ros2_ws/install/rospi_pre/lib:/ros2_ws/install/realsense2_camera/lib:/opt/ros/humble/opt/rviz_ogre_vendor/lib:/opt/ros/humble/lib/x86_64-linux-gnu:/opt/ros/humble/lib /usr/bin/cmake --install /ros2_ws/build/realsense2_description
[1.058s] Level 1:colcon.colcon_core.environment:create_environment_scripts_only(realsense2_description)
[1.059s] DEBUG:colcon.colcon_core.event_handler.log_command:Invoked command in '/ros2_ws/build/realsense2_description' returned '0': CMAKE_PREFIX_PATH=/ros2_ws/install/realsense2_camera_msgs:/ros2_ws/install/navigation:/ros2_ws/install/rospi_pre:/ros2_ws/install/realsense2_description:/ros2_ws/install/realsense2_camera:/ros2_ws/install/camera:/opt/ros/humble LD_LIBRARY_PATH=/ros2_ws/install/realsense2_camera_msgs/lib:/ros2_ws/install/rospi_pre/lib:/ros2_ws/install/realsense2_camera/lib:/opt/ros/humble/opt/rviz_ogre_vendor/lib:/opt/ros/humble/lib/x86_64-linux-gnu:/opt/ros/humble/lib /usr/bin/cmake --install /ros2_ws/build/realsense2_description
[1.059s] Level 1:colcon.colcon_core.environment:checking '/ros2_ws/install/realsense2_description' for CMake module files
[1.060s] Level 1:colcon.colcon_core.environment:checking '/ros2_ws/install/realsense2_description' for CMake config files
[1.060s] Level 1:colcon.colcon_core.shell:create_environment_hook('realsense2_description', 'cmake_prefix_path')
[1.060s] INFO:colcon.colcon_core.shell:Creating environment hook '/ros2_ws/install/realsense2_description/share/realsense2_description/hook/cmake_prefix_path.ps1'
[1.061s] INFO:colcon.colcon_core.shell:Creating environment descriptor '/ros2_ws/install/realsense2_description/share/realsense2_description/hook/cmake_prefix_path.dsv'
[1.061s] INFO:colcon.colcon_core.shell:Creating environment hook '/ros2_ws/install/realsense2_description/share/realsense2_description/hook/cmake_prefix_path.sh'
[1.062s] Level 1:colcon.colcon_core.environment:checking '/ros2_ws/install/realsense2_description/bin'
[1.062s] Level 1:colcon.colcon_core.environment:checking '/ros2_ws/install/realsense2_description/lib/pkgconfig/realsense2_description.pc'
[1.062s] Level 1:colcon.colcon_core.environment:checking '/ros2_ws/install/realsense2_description/lib/python3.10/site-packages'
[1.062s] Level 1:colcon.colcon_core.environment:checking '/ros2_ws/install/realsense2_description/bin'
[1.063s] INFO:colcon.colcon_core.shell:Creating package script '/ros2_ws/install/realsense2_description/share/realsense2_description/package.ps1'
[1.063s] INFO:colcon.colcon_core.shell:Creating package descriptor '/ros2_ws/install/realsense2_description/share/realsense2_description/package.dsv'
[1.064s] INFO:colcon.colcon_core.shell:Creating package script '/ros2_ws/install/realsense2_description/share/realsense2_description/package.sh'
[1.064s] INFO:colcon.colcon_core.shell:Creating package script '/ros2_ws/install/realsense2_description/share/realsense2_description/package.bash'
[1.065s] INFO:colcon.colcon_core.shell:Creating package script '/ros2_ws/install/realsense2_description/share/realsense2_description/package.zsh'
[1.065s] Level 1:colcon.colcon_core.environment:create_file_with_runtime_dependencies(/ros2_ws/install/realsense2_description/share/colcon-core/packages/realsense2_description)
[1.066s] Level 1:colcon.colcon_core.environment:create_environment_scripts_only(realsense2_description)
[1.066s] Level 1:colcon.colcon_core.environment:checking '/ros2_ws/install/realsense2_description' for CMake module files
[1.066s] Level 1:colcon.colcon_core.environment:checking '/ros2_ws/install/realsense2_description' for CMake config files
[1.067s] Level 1:colcon.colcon_core.shell:create_environment_hook('realsense2_description', 'cmake_prefix_path')
[1.067s] INFO:colcon.colcon_core.shell:Creating environment hook '/ros2_ws/install/realsense2_description/share/realsense2_description/hook/cmake_prefix_path.ps1'
[1.067s] INFO:colcon.colcon_core.shell:Creating environment descriptor '/ros2_ws/install/realsense2_description/share/realsense2_description/hook/cmake_prefix_path.dsv'
[1.068s] INFO:colcon.colcon_core.shell:Creating environment hook '/ros2_ws/install/realsense2_description/share/realsense2_description/hook/cmake_prefix_path.sh'
[1.068s] Level 1:colcon.colcon_core.environment:checking '/ros2_ws/install/realsense2_description/bin'
[1.068s] Level 1:colcon.colcon_core.environment:checking '/ros2_ws/install/realsense2_description/lib/pkgconfig/realsense2_description.pc'
[1.068s] Level 1:colcon.colcon_core.environment:checking '/ros2_ws/install/realsense2_description/lib/python3.10/site-packages'
[1.068s] Level 1:colcon.colcon_core.environment:checking '/ros2_ws/install/realsense2_description/bin'
[1.069s] INFO:colcon.colcon_core.shell:Creating package script '/ros2_ws/install/realsense2_description/share/realsense2_description/package.ps1'
[1.069s] INFO:colcon.colcon_core.shell:Creating package descriptor '/ros2_ws/install/realsense2_description/share/realsense2_description/package.dsv'
[1.070s] INFO:colcon.colcon_core.shell:Creating package script '/ros2_ws/install/realsense2_description/share/realsense2_description/package.sh'
[1.070s] INFO:colcon.colcon_core.shell:Creating package script '/ros2_ws/install/realsense2_description/share/realsense2_description/package.bash'
[1.071s] INFO:colcon.colcon_core.shell:Creating package script '/ros2_ws/install/realsense2_description/share/realsense2_description/package.zsh'
[1.071s] Level 1:colcon.colcon_core.environment:create_file_with_runtime_dependencies(/ros2_ws/install/realsense2_description/share/colcon-core/packages/realsense2_description)
[1.079s] DEBUG:colcon.colcon_core.event_handler.log_command:Invoked command in '/ros2_ws/build/navigation' returned '0': CMAKE_PREFIX_PATH=/ros2_ws/install/rospi_pre:/ros2_ws/install/navigation:/ros2_ws/install/realsense2_description:/ros2_ws/install/realsense2_camera:/ros2_ws/install/realsense2_camera_msgs:/ros2_ws/install/camera:/opt/ros/humble /usr/bin/cmake --build /ros2_ws/build/navigation -- -j12 -l12
[1.082s] DEBUG:colcon.colcon_core.event_handler.log_command:Invoking command in '/ros2_ws/build/navigation': CMAKE_PREFIX_PATH=/ros2_ws/install/rospi_pre:/ros2_ws/install/navigation:/ros2_ws/install/realsense2_description:/ros2_ws/install/realsense2_camera:/ros2_ws/install/realsense2_camera_msgs:/ros2_ws/install/camera:/opt/ros/humble /usr/bin/cmake --install /ros2_ws/build/navigation
[1.093s] Level 1:colcon.colcon_core.environment:create_environment_scripts_only(navigation)
[1.093s] Level 1:colcon.colcon_core.environment:checking '/ros2_ws/install/navigation' for CMake module files
[1.093s] DEBUG:colcon.colcon_core.event_handler.log_command:Invoked command in '/ros2_ws/build/navigation' returned '0': CMAKE_PREFIX_PATH=/ros2_ws/install/rospi_pre:/ros2_ws/install/navigation:/ros2_ws/install/realsense2_description:/ros2_ws/install/realsense2_camera:/ros2_ws/install/realsense2_camera_msgs:/ros2_ws/install/camera:/opt/ros/humble /usr/bin/cmake --install /ros2_ws/build/navigation
[1.094s] Level 1:colcon.colcon_core.environment:checking '/ros2_ws/install/navigation' for CMake config files
[1.094s] Level 1:colcon.colcon_core.shell:create_environment_hook('navigation', 'cmake_prefix_path')
[1.094s] INFO:colcon.colcon_core.shell:Creating environment hook '/ros2_ws/install/navigation/share/navigation/hook/cmake_prefix_path.ps1'
[1.094s] INFO:colcon.colcon_core.shell:Creating environment descriptor '/ros2_ws/install/navigation/share/navigation/hook/cmake_prefix_path.dsv'
[1.095s] INFO:colcon.colcon_core.shell:Creating environment hook '/ros2_ws/install/navigation/share/navigation/hook/cmake_prefix_path.sh'
[1.095s] Level 1:colcon.colcon_core.environment:checking '/ros2_ws/install/navigation/lib'
[1.095s] Level 1:colcon.colcon_core.environment:checking '/ros2_ws/install/navigation/bin'
[1.095s] Level 1:colcon.colcon_core.environment:checking '/ros2_ws/install/navigation/lib/pkgconfig/navigation.pc'
[1.095s] Level 1:colcon.colcon_core.environment:checking '/ros2_ws/install/navigation/lib/python3.10/site-packages'
[1.096s] Level 1:colcon.colcon_core.environment:checking '/ros2_ws/install/navigation/bin'
[1.096s] INFO:colcon.colcon_core.shell:Creating package script '/ros2_ws/install/navigation/share/navigation/package.ps1'
[1.096s] INFO:colcon.colcon_core.shell:Creating package descriptor '/ros2_ws/install/navigation/share/navigation/package.dsv'
[1.096s] INFO:colcon.colcon_core.shell:Creating package script '/ros2_ws/install/navigation/share/navigation/package.sh'
[1.097s] INFO:colcon.colcon_core.shell:Creating package script '/ros2_ws/install/navigation/share/navigation/package.bash'
[1.097s] INFO:colcon.colcon_core.shell:Creating package script '/ros2_ws/install/navigation/share/navigation/package.zsh'
[1.097s] Level 1:colcon.colcon_core.environment:create_file_with_runtime_dependencies(/ros2_ws/install/navigation/share/colcon-core/packages/navigation)
[1.098s] Level 1:colcon.colcon_core.environment:create_environment_scripts_only(navigation)
[1.098s] Level 1:colcon.colcon_core.environment:checking '/ros2_ws/install/navigation' for CMake module files
[1.098s] Level 1:colcon.colcon_core.environment:checking '/ros2_ws/install/navigation' for CMake config files
[1.098s] Level 1:colcon.colcon_core.shell:create_environment_hook('navigation', 'cmake_prefix_path')
[1.099s] INFO:colcon.colcon_core.shell:Creating environment hook '/ros2_ws/install/navigation/share/navigation/hook/cmake_prefix_path.ps1'
[1.099s] INFO:colcon.colcon_core.shell:Creating environment descriptor '/ros2_ws/install/navigation/share/navigation/hook/cmake_prefix_path.dsv'
[1.099s] INFO:colcon.colcon_core.shell:Creating environment hook '/ros2_ws/install/navigation/share/navigation/hook/cmake_prefix_path.sh'
[1.100s] Level 1:colcon.colcon_core.environment:checking '/ros2_ws/install/navigation/lib'
[1.100s] Level 1:colcon.colcon_core.environment:checking '/ros2_ws/install/navigation/bin'
[1.100s] Level 1:colcon.colcon_core.environment:checking '/ros2_ws/install/navigation/lib/pkgconfig/navigation.pc'
[1.100s] Level 1:colcon.colcon_core.environment:checking '/ros2_ws/install/navigation/lib/python3.10/site-packages'
[1.100s] Level 1:colcon.colcon_core.environment:checking '/ros2_ws/install/navigation/bin'
[1.100s] INFO:colcon.colcon_core.shell:Creating package script '/ros2_ws/install/navigation/share/navigation/package.ps1'
[1.101s] INFO:colcon.colcon_core.shell:Creating package descriptor '/ros2_ws/install/navigation/share/navigation/package.dsv'
[1.101s] INFO:colcon.colcon_core.shell:Creating package script '/ros2_ws/install/navigation/share/navigation/package.sh'
[1.102s] INFO:colcon.colcon_core.shell:Creating package script '/ros2_ws/install/navigation/share/navigation/package.bash'
[1.102s] INFO:colcon.colcon_core.shell:Creating package script '/ros2_ws/install/navigation/share/navigation/package.zsh'
[1.102s] Level 1:colcon.colcon_core.environment:create_file_with_runtime_dependencies(/ros2_ws/install/navigation/share/colcon-core/packages/navigation)
[1.556s] DEBUG:colcon.colcon_core.event_handler.log_command:Invoked command in '/ros2_ws/build/realsense2_camera' returned '2': CMAKE_PREFIX_PATH=/ros2_ws/install/realsense2_camera_msgs:/ros2_ws/install/navigation:/ros2_ws/install/rospi_pre:/ros2_ws/install/realsense2_description:/ros2_ws/install/realsense2_camera:/ros2_ws/install/camera:/opt/ros/humble LD_LIBRARY_PATH=/ros2_ws/install/realsense2_camera_msgs/lib:/ros2_ws/install/rospi_pre/lib:/ros2_ws/install/realsense2_camera/lib:/opt/ros/humble/opt/rviz_ogre_vendor/lib:/opt/ros/humble/lib/x86_64-linux-gnu:/opt/ros/humble/lib /usr/bin/cmake --build /ros2_ws/build/realsense2_camera -- -j12 -l12
[1.557s] Level 1:colcon.colcon_core.environment:create_environment_scripts_only(realsense2_camera)
[1.557s] Level 1:colcon.colcon_core.environment:checking '/ros2_ws/install/realsense2_camera' for CMake module files
[1.558s] Level 1:colcon.colcon_core.environment:checking '/ros2_ws/install/realsense2_camera' for CMake config files
[1.558s] Level 1:colcon.colcon_core.shell:create_environment_hook('realsense2_camera', 'cmake_prefix_path')
[1.559s] INFO:colcon.colcon_core.shell:Creating environment hook '/ros2_ws/install/realsense2_camera/share/realsense2_camera/hook/cmake_prefix_path.ps1'
[1.559s] INFO:colcon.colcon_core.shell:Creating environment descriptor '/ros2_ws/install/realsense2_camera/share/realsense2_camera/hook/cmake_prefix_path.dsv'
[1.560s] INFO:colcon.colcon_core.shell:Creating environment hook '/ros2_ws/install/realsense2_camera/share/realsense2_camera/hook/cmake_prefix_path.sh'
[1.561s] Level 1:colcon.colcon_core.environment:checking '/ros2_ws/install/realsense2_camera/lib'
[1.561s] Level 1:colcon.colcon_core.shell:create_environment_hook('realsense2_camera', 'ld_library_path_lib')
[1.561s] INFO:colcon.colcon_core.shell:Creating environment hook '/ros2_ws/install/realsense2_camera/share/realsense2_camera/hook/ld_library_path_lib.ps1'
[1.561s] INFO:colcon.colcon_core.shell:Creating environment descriptor '/ros2_ws/install/realsense2_camera/share/realsense2_camera/hook/ld_library_path_lib.dsv'
[1.562s] INFO:colcon.colcon_core.shell:Creating environment hook '/ros2_ws/install/realsense2_camera/share/realsense2_camera/hook/ld_library_path_lib.sh'
[1.562s] Level 1:colcon.colcon_core.environment:checking '/ros2_ws/install/realsense2_camera/bin'
[1.562s] Level 1:colcon.colcon_core.environment:checking '/ros2_ws/install/realsense2_camera/lib/pkgconfig/realsense2_camera.pc'
[1.562s] Level 1:colcon.colcon_core.environment:checking '/ros2_ws/install/realsense2_camera/lib/python3.10/site-packages'
[1.562s] Level 1:colcon.colcon_core.environment:checking '/ros2_ws/install/realsense2_camera/bin'
[1.563s] INFO:colcon.colcon_core.shell:Creating package script '/ros2_ws/install/realsense2_camera/share/realsense2_camera/package.ps1'
[1.563s] INFO:colcon.colcon_core.shell:Creating package descriptor '/ros2_ws/install/realsense2_camera/share/realsense2_camera/package.dsv'
[1.564s] INFO:colcon.colcon_core.shell:Creating package script '/ros2_ws/install/realsense2_camera/share/realsense2_camera/package.sh'
[1.564s] INFO:colcon.colcon_core.shell:Creating package script '/ros2_ws/install/realsense2_camera/share/realsense2_camera/package.bash'
[1.565s] INFO:colcon.colcon_core.shell:Creating package script '/ros2_ws/install/realsense2_camera/share/realsense2_camera/package.zsh'
[1.565s] Level 1:colcon.colcon_core.environment:create_file_with_runtime_dependencies(/ros2_ws/install/realsense2_camera/share/colcon-core/packages/realsense2_camera)
[9.317s] DEBUG:colcon.colcon_parallel_executor.executor.parallel:closing loop
[9.317s] DEBUG:colcon.colcon_parallel_executor.executor.parallel:loop closed
[9.317s] DEBUG:colcon.colcon_parallel_executor.executor.parallel:run_until_complete finished with '2'
[9.318s] DEBUG:colcon.colcon_core.event_reactor:joining thread
[9.324s] INFO:colcon.colcon_core.plugin_system:Skipping extension 'colcon_notification.desktop_notification.notify_send': Could not find 'notify-send'
[9.325s] INFO:colcon.colcon_core.plugin_system:Skipping extension 'colcon_notification.desktop_notification.terminal_notifier': Not used on non-Darwin systems
[9.325s] INFO:colcon.colcon_core.plugin_system:Skipping extension 'colcon_notification.desktop_notification.win32': Not used on non-Windows systems
[9.325s] INFO:colcon.colcon_notification.desktop_notification:Sending desktop notification using 'notify2'
[9.327s] DEBUG:colcon.colcon_notification.desktop_notification.notify2:Failed to initialize notify2: org.freedesktop.DBus.Error.Spawn.ExecFailed: /usr/bin/dbus-launch terminated abnormally without any error message
[9.328s] DEBUG:colcon.colcon_core.event_reactor:joined thread
[9.328s] INFO:colcon.colcon_core.shell:Creating prefix script '/ros2_ws/install/local_setup.ps1'
[9.329s] INFO:colcon.colcon_core.shell:Creating prefix util module '/ros2_ws/install/_local_setup_util_ps1.py'
[9.331s] INFO:colcon.colcon_core.shell:Creating prefix chain script '/ros2_ws/install/setup.ps1'
[9.332s] INFO:colcon.colcon_core.shell:Creating prefix script '/ros2_ws/install/local_setup.sh'
[9.333s] INFO:colcon.colcon_core.shell:Creating prefix util module '/ros2_ws/install/_local_setup_util_sh.py'
[9.333s] INFO:colcon.colcon_core.shell:Creating prefix chain script '/ros2_ws/install/setup.sh'
[9.334s] INFO:colcon.colcon_core.shell:Creating prefix script '/ros2_ws/install/local_setup.bash'
[9.335s] INFO:colcon.colcon_core.shell:Creating prefix chain script '/ros2_ws/install/setup.bash'
[9.336s] INFO:colcon.colcon_core.shell:Creating prefix script '/ros2_ws/install/local_setup.zsh'
[9.337s] INFO:colcon.colcon_core.shell:Creating prefix chain script '/ros2_ws/install/setup.zsh'
