[0.011s] Invoking command in '/ros2_ws/build/realsense2_camera': AMENT_PREFIX_PATH=/ros2_ws/install/realsense2_camera_msgs:${AMENT_PREFIX_PATH} CMAKE_PREFIX_PATH=/ros2_ws/install/realsense2_camera_msgs:/opt/ros/humble LD_LIBRARY_PATH=/ros2_ws/install/realsense2_camera_msgs/lib:${LD_LIBRARY_PATH} PYTHONPATH=/ros2_ws/install/realsense2_camera_msgs/local/lib/python3.10/dist-packages:${PYTHONPATH} /usr/bin/cmake --build /ros2_ws/build/realsense2_camera -- -j12 -l12
[0.036s] -- Create Release Build.
[0.036s] -- Found ament_cmake: 1.3.12 (/opt/ros/humble/share/ament_cmake/cmake)
[0.175s] -- Found builtin_interfaces: 1.2.2 (/opt/ros/humble/share/builtin_interfaces/cmake)
[0.194s] -- Found rosidl_generator_c: 3.1.7 (/opt/ros/humble/share/rosidl_generator_c/cmake)
[0.196s] -- Found rosidl_adapter: 3.1.7 (/opt/ros/humble/share/rosidl_adapter/cmake)
[0.200s] -- Found rosidl_generator_cpp: 3.1.7 (/opt/ros/humble/share/rosidl_generator_cpp/cmake)
[0.207s] -- Using all available rosidl_typesupport_c: rosidl_typesupport_fastrtps_c;rosidl_typesupport_introspection_c
[0.217s] -- Using all available rosidl_typesupport_cpp: rosidl_typesupport_fastrtps_cpp;rosidl_typesupport_introspection_cpp
[0.225s] -- Found cv_bridge: 3.2.1 (/opt/ros/humble/share/cv_bridge/cmake)
[0.262s] -- Found image_transport: 3.1.12 (/opt/ros/humble/share/image_transport/cmake)
[0.283s] -- Found rmw_implementation_cmake: 6.1.2 (/opt/ros/humble/share/rmw_implementation_cmake/cmake)
[0.284s] -- Found rmw_cyclonedds_cpp: 1.3.4 (/opt/ros/humble/share/rmw_cyclonedds_cpp/cmake)
[0.297s] -- Using RMW implementation 'rmw_cyclonedds_cpp' as default
[0.345s] -- Found rclcpp_components: 16.0.14 (/opt/ros/humble/share/rclcpp_components/cmake)
[0.357s] -- Found realsense2_camera_msgs: 4.55.1 (/ros2_ws/install/realsense2_camera_msgs/share/realsense2_camera_msgs/cmake)
[0.371s] -- Found nav_msgs: 4.9.0 (/opt/ros/humble/share/nav_msgs/cmake)
[0.383s] -- Found tf2_ros: 0.25.15 (/opt/ros/humble/share/tf2_ros/cmake)
[0.428s] -- Found diagnostic_updater: 4.0.6 (/opt/ros/humble/share/diagnostic_updater/cmake)
[0.442s] -- Build for ROS2 Humble
[0.445s] -- Found ament_cmake_gtest: 1.3.12 (/opt/ros/humble/share/ament_cmake_gtest/cmake)
[0.445s] -- Found gtest sources under '/opt/ros/humble/src/gtest_vendor': C++ tests using 'Google Test' will be built
[0.449s] -- Found ament_cmake_pytest: 1.3.12 (/opt/ros/humble/share/ament_cmake_pytest/cmake)
[2.579s] bash: warning: setlocale: LC_ALL: cannot change locale (en_US.UTF-8)
[2.804s] -- rs_device_info:
[2.804s] -- No device detected. Is it plugged in?
[2.804s] 
[2.860s] -- Configuring done
[2.889s] -- Generating done
[2.897s] -- Build files have been written to: /ros2_ws/build/realsense2_camera
[2.921s] [35m[1mConsolidate compiler generated dependencies of target gtest[0m
[2.921s] [35m[1mConsolidate compiler generated dependencies of target gtest_main[0m
[2.921s] [35m[1mConsolidate compiler generated dependencies of target realsense2_camera_node[0m
[2.929s] [35m[1mConsolidate compiler generated dependencies of target realsense2_camera[0m
[2.934s] [ 18%] Built target gtest
[2.934s] [ 18%] Built target gtest_main
[2.939s] [ 27%] Built target realsense2_camera_node
[2.943s] [35m[1mConsolidate compiler generated dependencies of target gtest_template[0m
[2.957s] [ 36%] Built target gtest_template
[2.980s] [ 40%] [32m[1mLinking CXX shared library librealsense2_camera.so[0m
[3.355s] [100%] Built target realsense2_camera
[3.367s] Invoked command in '/ros2_ws/build/realsense2_camera' returned '0': AMENT_PREFIX_PATH=/ros2_ws/install/realsense2_camera_msgs:${AMENT_PREFIX_PATH} CMAKE_PREFIX_PATH=/ros2_ws/install/realsense2_camera_msgs:/opt/ros/humble LD_LIBRARY_PATH=/ros2_ws/install/realsense2_camera_msgs/lib:${LD_LIBRARY_PATH} PYTHONPATH=/ros2_ws/install/realsense2_camera_msgs/local/lib/python3.10/dist-packages:${PYTHONPATH} /usr/bin/cmake --build /ros2_ws/build/realsense2_camera -- -j12 -l12
[3.369s] Invoking command in '/ros2_ws/build/realsense2_camera': AMENT_PREFIX_PATH=/ros2_ws/install/realsense2_camera_msgs:${AMENT_PREFIX_PATH} CMAKE_PREFIX_PATH=/ros2_ws/install/realsense2_camera_msgs:/opt/ros/humble LD_LIBRARY_PATH=/ros2_ws/install/realsense2_camera_msgs/lib:${LD_LIBRARY_PATH} PYTHONPATH=/ros2_ws/install/realsense2_camera_msgs/local/lib/python3.10/dist-packages:${PYTHONPATH} /usr/bin/cmake --install /ros2_ws/build/realsense2_camera
[3.377s] -- Install configuration: "Release"
[3.377s] -- Up-to-date: /ros2_ws/install/realsense2_camera/lib/realsense2_camera/realsense2_camera_node
[3.378s] -- Installing: /ros2_ws/install/realsense2_camera/lib/librealsense2_camera.so
[3.382s] -- Set runtime path of "/ros2_ws/install/realsense2_camera/lib/librealsense2_camera.so" to ""
[3.382s] -- Up-to-date: /ros2_ws/install/realsense2_camera/include
[3.382s] -- Up-to-date: /ros2_ws/install/realsense2_camera/include/named_filter.h
[3.382s] -- Up-to-date: /ros2_ws/install/realsense2_camera/include/ros_param_backend.h
[3.382s] -- Up-to-date: /ros2_ws/install/realsense2_camera/include/ros_sensor.h
[3.383s] -- Up-to-date: /ros2_ws/install/realsense2_camera/include/realsense_node_factory.h
[3.383s] -- Up-to-date: /ros2_ws/install/realsense2_camera/include/image_publisher.h
[3.383s] -- Up-to-date: /ros2_ws/install/realsense2_camera/include/constants.h
[3.383s] -- Up-to-date: /ros2_ws/install/realsense2_camera/include/sensor_params.h
[3.383s] -- Up-to-date: /ros2_ws/install/realsense2_camera/include/ros_utils.h
[3.383s] -- Up-to-date: /ros2_ws/install/realsense2_camera/include/gl_window.h
[3.383s] -- Up-to-date: /ros2_ws/install/realsense2_camera/include/dynamic_params.h
[3.383s] -- Up-to-date: /ros2_ws/install/realsense2_camera/include/base_realsense_node.h
[3.383s] -- Up-to-date: /ros2_ws/install/realsense2_camera/include/profile_manager.h
[3.383s] -- Up-to-date: /ros2_ws/install/realsense2_camera/share/realsense2_camera/launch
[3.383s] -- Up-to-date: /ros2_ws/install/realsense2_camera/share/realsense2_camera/launch/rs_launch.py
[3.384s] -- Up-to-date: /ros2_ws/install/realsense2_camera/share/realsense2_camera/launch/rs_intra_process_demo_launch.py
[3.384s] -- Up-to-date: /ros2_ws/install/realsense2_camera/share/realsense2_camera/launch/rs_multi_camera_launch.py
[3.384s] -- Up-to-date: /ros2_ws/install/realsense2_camera/share/realsense2_camera/launch/visual_presets
[3.384s] -- Up-to-date: /ros2_ws/install/realsense2_camera/share/realsense2_camera/launch/visual_presets/DefaultPreset_D455.json
[3.384s] -- Up-to-date: /ros2_ws/install/realsense2_camera/share/realsense2_camera/launch/visual_presets/DefaultPreset_D435.json
[3.384s] -- Up-to-date: /ros2_ws/install/realsense2_camera/share/realsense2_camera/launch/visual_presets/HandGesturePreset.json
[3.384s] -- Up-to-date: /ros2_ws/install/realsense2_camera/share/realsense2_camera/launch/visual_presets/ShortRangePreset.json
[3.384s] -- Up-to-date: /ros2_ws/install/realsense2_camera/share/realsense2_camera/launch/visual_presets/HighAccuracyPreset.json
[3.384s] -- Up-to-date: /ros2_ws/install/realsense2_camera/share/realsense2_camera/launch/visual_presets/HighDensityPreset.json
[3.384s] -- Up-to-date: /ros2_ws/install/realsense2_camera/share/realsense2_camera/launch/visual_presets/EdgeMapD435.json
[3.384s] -- Up-to-date: /ros2_ws/install/realsense2_camera/share/realsense2_camera/launch/visual_presets/BodyScanPreset.json
[3.384s] -- Up-to-date: /ros2_ws/install/realsense2_camera/share/realsense2_camera/launch/visual_presets/D415_RemoveIR.json
[3.384s] -- Up-to-date: /ros2_ws/install/realsense2_camera/share/realsense2_camera/launch/visual_presets/MedDensityPreset.json
[3.384s] -- Up-to-date: /ros2_ws/install/realsense2_camera/share/realsense2_camera/launch/visual_presets/DefaultPreset_D415.json
[3.385s] -- Up-to-date: /ros2_ws/install/realsense2_camera/share/realsense2_camera/launch/default.rviz
[3.385s] -- Up-to-date: /ros2_ws/install/realsense2_camera/share/realsense2_camera/examples
[3.385s] -- Up-to-date: /ros2_ws/install/realsense2_camera/share/realsense2_camera/examples/align_depth
[3.385s] -- Up-to-date: /ros2_ws/install/realsense2_camera/share/realsense2_camera/examples/align_depth/rs_align_depth_launch.py
[3.385s] -- Up-to-date: /ros2_ws/install/realsense2_camera/share/realsense2_camera/examples/align_depth/README.md
[3.385s] -- Up-to-date: /ros2_ws/install/realsense2_camera/share/realsense2_camera/examples/pointcloud
[3.385s] -- Up-to-date: /ros2_ws/install/realsense2_camera/share/realsense2_camera/examples/pointcloud/rs_d455_pointcloud_launch.py
[3.385s] -- Up-to-date: /ros2_ws/install/realsense2_camera/share/realsense2_camera/examples/pointcloud/rs_pointcloud_launch.py
[3.385s] -- Up-to-date: /ros2_ws/install/realsense2_camera/share/realsense2_camera/examples/pointcloud/README.md
[3.385s] -- Up-to-date: /ros2_ws/install/realsense2_camera/share/realsense2_camera/examples/pointcloud/rs_d405_pointcloud_launch.py
[3.385s] -- Up-to-date: /ros2_ws/install/realsense2_camera/share/realsense2_camera/examples/pointcloud/rviz
[3.385s] -- Up-to-date: /ros2_ws/install/realsense2_camera/share/realsense2_camera/examples/pointcloud/rviz/pointcloud.rviz
[3.385s] -- Up-to-date: /ros2_ws/install/realsense2_camera/share/realsense2_camera/examples/pointcloud/rviz/urdf_pointcloud.rviz
[3.385s] -- Up-to-date: /ros2_ws/install/realsense2_camera/share/realsense2_camera/examples/launch_from_rosbag
[3.386s] -- Up-to-date: /ros2_ws/install/realsense2_camera/share/realsense2_camera/examples/launch_from_rosbag/rs_launch_from_rosbag.py
[3.386s] -- Up-to-date: /ros2_ws/install/realsense2_camera/share/realsense2_camera/examples/launch_from_rosbag/README.md
[3.386s] -- Up-to-date: /ros2_ws/install/realsense2_camera/share/realsense2_camera/examples/dual_camera
[3.386s] -- Up-to-date: /ros2_ws/install/realsense2_camera/share/realsense2_camera/examples/dual_camera/README.md
[3.386s] -- Up-to-date: /ros2_ws/install/realsense2_camera/share/realsense2_camera/examples/dual_camera/rs_dual_camera_launch.py
[3.386s] -- Up-to-date: /ros2_ws/install/realsense2_camera/share/realsense2_camera/examples/dual_camera/rviz
[3.386s] -- Up-to-date: /ros2_ws/install/realsense2_camera/share/realsense2_camera/examples/dual_camera/rviz/dual_camera_pointcloud.rviz
[3.386s] -- Up-to-date: /ros2_ws/install/realsense2_camera/share/realsense2_camera/examples/launch_params_from_file
[3.386s] -- Up-to-date: /ros2_ws/install/realsense2_camera/share/realsense2_camera/examples/launch_params_from_file/config
[3.386s] -- Up-to-date: /ros2_ws/install/realsense2_camera/share/realsense2_camera/examples/launch_params_from_file/config/config.yaml
[3.386s] -- Up-to-date: /ros2_ws/install/realsense2_camera/share/realsense2_camera/examples/launch_params_from_file/README.md
[3.386s] -- Up-to-date: /ros2_ws/install/realsense2_camera/share/realsense2_camera/examples/launch_params_from_file/rs_launch_get_params_from_yaml.py
[3.386s] -- Up-to-date: /ros2_ws/install/realsense2_camera/share/realsense2_camera/environment/library_path.sh
[3.386s] -- Installing: /ros2_ws/install/realsense2_camera/share/realsense2_camera/environment/library_path.dsv
[3.386s] -- Up-to-date: /ros2_ws/install/realsense2_camera/share/ament_index/resource_index/package_run_dependencies/realsense2_camera
[3.386s] -- Installing: /ros2_ws/install/realsense2_camera/share/ament_index/resource_index/parent_prefix_path/realsense2_camera
[3.387s] -- Up-to-date: /ros2_ws/install/realsense2_camera/share/realsense2_camera/environment/ament_prefix_path.sh
[3.387s] -- Installing: /ros2_ws/install/realsense2_camera/share/realsense2_camera/environment/ament_prefix_path.dsv
[3.387s] -- Up-to-date: /ros2_ws/install/realsense2_camera/share/realsense2_camera/environment/path.sh
[3.387s] -- Installing: /ros2_ws/install/realsense2_camera/share/realsense2_camera/environment/path.dsv
[3.387s] -- Up-to-date: /ros2_ws/install/realsense2_camera/share/realsense2_camera/local_setup.bash
[3.387s] -- Up-to-date: /ros2_ws/install/realsense2_camera/share/realsense2_camera/local_setup.sh
[3.387s] -- Up-to-date: /ros2_ws/install/realsense2_camera/share/realsense2_camera/local_setup.zsh
[3.387s] -- Installing: /ros2_ws/install/realsense2_camera/share/realsense2_camera/local_setup.dsv
[3.387s] -- Installing: /ros2_ws/install/realsense2_camera/share/realsense2_camera/package.dsv
[3.387s] -- Up-to-date: /ros2_ws/install/realsense2_camera/share/ament_index/resource_index/packages/realsense2_camera
[3.387s] -- Up-to-date: /ros2_ws/install/realsense2_camera/share/ament_index/resource_index/rclcpp_components/realsense2_camera
[3.387s] -- Up-to-date: /ros2_ws/install/realsense2_camera/share/realsense2_camera/cmake/ament_cmake_export_include_directories-extras.cmake
[3.387s] -- Up-to-date: /ros2_ws/install/realsense2_camera/share/realsense2_camera/cmake/ament_cmake_export_libraries-extras.cmake
[3.387s] -- Up-to-date: /ros2_ws/install/realsense2_camera/share/realsense2_camera/cmake/ament_cmake_export_dependencies-extras.cmake
[3.387s] -- Up-to-date: /ros2_ws/install/realsense2_camera/share/realsense2_camera/cmake/realsense2_cameraConfig.cmake
[3.387s] -- Up-to-date: /ros2_ws/install/realsense2_camera/share/realsense2_camera/cmake/realsense2_cameraConfig-version.cmake
[3.387s] -- Up-to-date: /ros2_ws/install/realsense2_camera/share/realsense2_camera/package.xml
[3.389s] Invoked command in '/ros2_ws/build/realsense2_camera' returned '0': AMENT_PREFIX_PATH=/ros2_ws/install/realsense2_camera_msgs:${AMENT_PREFIX_PATH} CMAKE_PREFIX_PATH=/ros2_ws/install/realsense2_camera_msgs:/opt/ros/humble LD_LIBRARY_PATH=/ros2_ws/install/realsense2_camera_msgs/lib:${LD_LIBRARY_PATH} PYTHONPATH=/ros2_ws/install/realsense2_camera_msgs/local/lib/python3.10/dist-packages:${PYTHONPATH} /usr/bin/cmake --install /ros2_ws/build/realsense2_camera
