[0.027s] Invoking command in '/ros2_ws/build/camera': CMAKE_PREFIX_PATH=${CMAKE_PREFIX_PATH}:/opt/ros/humble /usr/bin/cmake --build /ros2_ws/build/camera -- -j12 -l12
[0.235s] [ 14%] Built target TFsetup
[0.237s] [ 28%] Built target arm
[0.254s] [ 42%] Built target coffee2
[0.266s] [ 57%] Built target coffee1
[0.267s] [ 71%] Built target imread
[0.277s] [ 85%] Built target orange
[0.292s] [100%] Built target transform
[0.319s] Invoked command in '/ros2_ws/build/camera' returned '0': CMAKE_PREFIX_PATH=${CMAKE_PREFIX_PATH}:/opt/ros/humble /usr/bin/cmake --build /ros2_ws/build/camera -- -j12 -l12
[0.339s] Invoking command in '/ros2_ws/build/camera': CMAKE_PREFIX_PATH=${CMAKE_PREFIX_PATH}:/opt/ros/humble /usr/bin/cmake --install /ros2_ws/build/camera
[0.352s] -- Install configuration: ""
[0.353s] -- Up-to-date: /ros2_ws/install/camera/lib/camera/imread
[0.354s] -- Up-to-date: /ros2_ws/install/camera/lib/camera/coffee1
[0.355s] -- Up-to-date: /ros2_ws/install/camera/lib/camera/coffee2
[0.356s] -- Up-to-date: /ros2_ws/install/camera/lib/camera/orange
[0.357s] -- Up-to-date: /ros2_ws/install/camera/lib/camera/TFsetup
[0.357s] -- Up-to-date: /ros2_ws/install/camera/lib/camera/transform
[0.358s] -- Up-to-date: /ros2_ws/install/camera/lib/camera/arm
[0.359s] -- Up-to-date: /ros2_ws/install/camera/share/camera/launch
[0.359s] -- Up-to-date: /ros2_ws/install/camera/share/camera/launch/launch.xml
[0.359s] -- Up-to-date: /ros2_ws/install/camera/share/ament_index/resource_index/package_run_dependencies/camera
[0.359s] -- Up-to-date: /ros2_ws/install/camera/share/ament_index/resource_index/parent_prefix_path/camera
[0.359s] -- Up-to-date: /ros2_ws/install/camera/share/camera/environment/ament_prefix_path.sh
[0.360s] -- Up-to-date: /ros2_ws/install/camera/share/camera/environment/ament_prefix_path.dsv
[0.360s] -- Up-to-date: /ros2_ws/install/camera/share/camera/environment/path.sh
[0.360s] -- Up-to-date: /ros2_ws/install/camera/share/camera/environment/path.dsv
[0.360s] -- Up-to-date: /ros2_ws/install/camera/share/camera/local_setup.bash
[0.360s] -- Up-to-date: /ros2_ws/install/camera/share/camera/local_setup.sh
[0.361s] -- Up-to-date: /ros2_ws/install/camera/share/camera/local_setup.zsh
[0.361s] -- Up-to-date: /ros2_ws/install/camera/share/camera/local_setup.dsv
[0.361s] -- Installing: /ros2_ws/install/camera/share/camera/package.dsv
[0.361s] -- Up-to-date: /ros2_ws/install/camera/share/ament_index/resource_index/packages/camera
[0.361s] -- Up-to-date: /ros2_ws/install/camera/share/camera/cmake/cameraConfig.cmake
[0.361s] -- Up-to-date: /ros2_ws/install/camera/share/camera/cmake/cameraConfig-version.cmake
[0.362s] -- Up-to-date: /ros2_ws/install/camera/share/camera/package.xml
[0.365s] Invoked command in '/ros2_ws/build/camera' returned '0': CMAKE_PREFIX_PATH=${CMAKE_PREFIX_PATH}:/opt/ros/humble /usr/bin/cmake --install /ros2_ws/build/camera
