[0.023s] Invoking command in '/ros2_ws/build/realsense2_camera': AMENT_PREFIX_PATH=/ros2_ws/install/realsense2_camera_msgs:${AMENT_PREFIX_PATH} CMAKE_PREFIX_PATH=/ros2_ws/install/realsense2_camera_msgs:/opt/ros/humble LD_LIBRARY_PATH=/ros2_ws/install/realsense2_camera_msgs/lib:${LD_LIBRARY_PATH} PYTHONPATH=/ros2_ws/install/realsense2_camera_msgs/local/lib/python3.10/dist-packages:${PYTHONPATH} /usr/bin/cmake --build /ros2_ws/build/realsense2_camera -- -j12 -l12
[0.047s] -- Create Release Build.
[0.047s] -- Found ament_cmake: 1.3.12 (/opt/ros/humble/share/ament_cmake/cmake)
[0.158s] -- Found builtin_interfaces: 1.2.2 (/opt/ros/humble/share/builtin_interfaces/cmake)
[0.175s] -- Found rosidl_generator_c: 3.1.7 (/opt/ros/humble/share/rosidl_generator_c/cmake)
[0.177s] -- Found rosidl_adapter: 3.1.7 (/opt/ros/humble/share/rosidl_adapter/cmake)
[0.181s] -- Found rosidl_generator_cpp: 3.1.7 (/opt/ros/humble/share/rosidl_generator_cpp/cmake)
[0.188s] -- Using all available rosidl_typesupport_c: rosidl_typesupport_fastrtps_c;rosidl_typesupport_introspection_c
[0.197s] -- Using all available rosidl_typesupport_cpp: rosidl_typesupport_fastrtps_cpp;rosidl_typesupport_introspection_cpp
[0.205s] -- Found cv_bridge: 3.2.1 (/opt/ros/humble/share/cv_bridge/cmake)
[0.242s] -- Found image_transport: 3.1.12 (/opt/ros/humble/share/image_transport/cmake)
[0.263s] -- Found rmw_implementation_cmake: 6.1.2 (/opt/ros/humble/share/rmw_implementation_cmake/cmake)
[0.264s] -- Found rmw_cyclonedds_cpp: 1.3.4 (/opt/ros/humble/share/rmw_cyclonedds_cpp/cmake)
[0.276s] -- Using RMW implementation 'rmw_cyclonedds_cpp' as default
[0.321s] -- Found rclcpp_components: 16.0.14 (/opt/ros/humble/share/rclcpp_components/cmake)
[0.332s] -- Found realsense2_camera_msgs: 4.55.1 (/ros2_ws/install/realsense2_camera_msgs/share/realsense2_camera_msgs/cmake)
[0.345s] -- Found nav_msgs: 4.9.0 (/opt/ros/humble/share/nav_msgs/cmake)
[0.358s] -- Found tf2_ros: 0.25.15 (/opt/ros/humble/share/tf2_ros/cmake)
[0.404s] -- Found diagnostic_updater: 4.0.6 (/opt/ros/humble/share/diagnostic_updater/cmake)
[0.432s] [33mCMake Warning at CMakeLists.txt:120 (find_package):
[0.432s]   By not providing "Findrealsense2.cmake" in CMAKE_MODULE_PATH this project
[0.432s]   has asked CMake to find a package configuration file provided by
[0.432s]   "realsense2", but CMake did not find one.
[0.432s] 
[0.432s]   Could not find a package configuration file provided by "realsense2"
[0.432s]   (requested version 2.55.1) with any of the following names:
[0.432s] 
[0.433s]     realsense2Config.cmake
[0.433s]     realsense2-config.cmake
[0.433s] 
[0.433s]   Add the installation prefix of "realsense2" to CMAKE_PREFIX_PATH or set
[0.433s]   "realsense2_DIR" to a directory containing one of the above files.  If
[0.433s]   "realsense2" provides a separate development package or SDK, be sure it has
[0.433s]   been installed.
[0.433s] 
[0.433s] [0m
[0.433s] [31mCMake Error at CMakeLists.txt:125 (message):
[0.433s]   
[0.433s] 
[0.433s]   
[0.433s] 
[0.433s]    Intel RealSense SDK 2.0 is missing, please install it from https://github.com/IntelRealSense/librealsense/releases
[0.433s] 
[0.433s]   
[0.434s] 
[0.434s] 
[0.434s] [0m
[0.434s] -- Configuring incomplete, errors occurred!
[0.434s] See also "/ros2_ws/build/realsense2_camera/CMakeFiles/CMakeOutput.log".
[0.438s] gmake: *** [Makefile:701: cmake_check_build_system] Error 1
[0.441s] Invoked command in '/ros2_ws/build/realsense2_camera' returned '2': AMENT_PREFIX_PATH=/ros2_ws/install/realsense2_camera_msgs:${AMENT_PREFIX_PATH} CMAKE_PREFIX_PATH=/ros2_ws/install/realsense2_camera_msgs:/opt/ros/humble LD_LIBRARY_PATH=/ros2_ws/install/realsense2_camera_msgs/lib:${LD_LIBRARY_PATH} PYTHONPATH=/ros2_ws/install/realsense2_camera_msgs/local/lib/python3.10/dist-packages:${PYTHONPATH} /usr/bin/cmake --build /ros2_ws/build/realsense2_camera -- -j12 -l12
