[0.018s] Invoking command in '/ros2_ws/build/camera': CMAKE_PREFIX_PATH=${CMAKE_PREFIX_PATH}:/opt/ros/humble /usr/bin/cmake --build /ros2_ws/build/camera -- -j12 -l12
[0.089s] [35m[1mConsolidate compiler generated dependencies of target transform[0m
[0.143s] [ 14%] Built target arm
[0.143s] [ 28%] Built target coffee2
[0.143s] [ 42%] Built target coffee1
[0.145s] [ 57%] Built target imread
[0.146s] [ 71%] Built target orange
[0.150s] [ 85%] Built target TFsetup
[0.154s] [100%] Built target transform
[0.174s] Invoked command in '/ros2_ws/build/camera' returned '0': CMAKE_PREFIX_PATH=${CMAKE_PREFIX_PATH}:/opt/ros/humble /usr/bin/cmake --build /ros2_ws/build/camera -- -j12 -l12
[0.188s] Invoking command in '/ros2_ws/build/camera': CMAKE_PREFIX_PATH=${CMAKE_PREFIX_PATH}:/opt/ros/humble /usr/bin/cmake --install /ros2_ws/build/camera
[0.196s] -- Install configuration: ""
[0.197s] -- Up-to-date: /ros2_ws/install/camera/lib/camera/imread
[0.198s] -- Up-to-date: /ros2_ws/install/camera/lib/camera/coffee1
[0.199s] -- Up-to-date: /ros2_ws/install/camera/lib/camera/coffee2
[0.200s] -- Up-to-date: /ros2_ws/install/camera/lib/camera/orange
[0.201s] -- Up-to-date: /ros2_ws/install/camera/lib/camera/TFsetup
[0.202s] -- Installing: /ros2_ws/install/camera/lib/camera/transform
[0.210s] -- Set runtime path of "/ros2_ws/install/camera/lib/camera/transform" to ""
[0.210s] -- Up-to-date: /ros2_ws/install/camera/lib/camera/arm
[0.210s] -- Up-to-date: /ros2_ws/install/camera/share/camera/launch
[0.211s] -- Up-to-date: /ros2_ws/install/camera/share/camera/launch/launch.xml
[0.211s] -- Up-to-date: /ros2_ws/install/camera/share/ament_index/resource_index/package_run_dependencies/camera
[0.211s] -- Up-to-date: /ros2_ws/install/camera/share/ament_index/resource_index/parent_prefix_path/camera
[0.211s] -- Up-to-date: /ros2_ws/install/camera/share/camera/environment/ament_prefix_path.sh
[0.211s] -- Up-to-date: /ros2_ws/install/camera/share/camera/environment/ament_prefix_path.dsv
[0.212s] -- Up-to-date: /ros2_ws/install/camera/share/camera/environment/path.sh
[0.212s] -- Up-to-date: /ros2_ws/install/camera/share/camera/environment/path.dsv
[0.212s] -- Up-to-date: /ros2_ws/install/camera/share/camera/local_setup.bash
[0.212s] -- Up-to-date: /ros2_ws/install/camera/share/camera/local_setup.sh
[0.212s] -- Up-to-date: /ros2_ws/install/camera/share/camera/local_setup.zsh
[0.212s] -- Up-to-date: /ros2_ws/install/camera/share/camera/local_setup.dsv
[0.212s] -- Installing: /ros2_ws/install/camera/share/camera/package.dsv
[0.212s] -- Up-to-date: /ros2_ws/install/camera/share/ament_index/resource_index/packages/camera
[0.213s] -- Up-to-date: /ros2_ws/install/camera/share/camera/cmake/cameraConfig.cmake
[0.213s] -- Up-to-date: /ros2_ws/install/camera/share/camera/cmake/cameraConfig-version.cmake
[0.213s] -- Up-to-date: /ros2_ws/install/camera/share/camera/package.xml
[0.215s] Invoked command in '/ros2_ws/build/camera' returned '0': CMAKE_PREFIX_PATH=${CMAKE_PREFIX_PATH}:/opt/ros/humble /usr/bin/cmake --install /ros2_ws/build/camera
