[0.032s] Invoking command in '/ros2_ws/build/navigation': CMAKE_PREFIX_PATH=/ros2_ws/install/rospi_pre:/ros2_ws/install/navigation:/ros2_ws/install/realsense2_description:/ros2_ws/install/realsense2_camera:/ros2_ws/install/realsense2_camera_msgs:/ros2_ws/install/camera:/opt/ros/humble /usr/bin/cmake --build /ros2_ws/build/navigation -- -j12 -l12
[0.122s] -- Found ament_cmake: 1.3.12 (/opt/ros/humble/share/ament_cmake/cmake)
[0.297s] -- Found rclcpp: 16.0.14 (/opt/ros/humble/share/rclcpp/cmake)
[0.344s] -- Found rosidl_generator_c: 3.1.7 (/opt/ros/humble/share/rosidl_generator_c/cmake)
[0.348s] -- Found rosidl_adapter: 3.1.7 (/opt/ros/humble/share/rosidl_adapter/cmake)
[0.356s] -- Found rosidl_generator_cpp: 3.1.7 (/opt/ros/humble/share/rosidl_generator_cpp/cmake)
[0.368s] -- Using all available rosidl_typesupport_c: rosidl_typesupport_fastrtps_c;rosidl_typesupport_introspection_c
[0.382s] -- Using all available rosidl_typesupport_cpp: rosidl_typesupport_fastrtps_cpp;rosidl_typesupport_introspection_cpp
[0.411s] -- Found rmw_implementation_cmake: 6.1.2 (/opt/ros/humble/share/rmw_implementation_cmake/cmake)
[0.413s] -- Found rmw_cyclonedds_cpp: 1.3.4 (/opt/ros/humble/share/rmw_cyclonedds_cpp/cmake)
[0.430s] -- Using RMW implementation 'rmw_cyclonedds_cpp' as default
[0.471s] -- Found nav_msgs: 4.9.0 (/opt/ros/humble/share/nav_msgs/cmake)
[0.494s] -- Found rospi_pre: 0.0.0 (/ros2_ws/install/rospi_pre/share/rospi_pre/cmake)
[0.505s] -- Found ament_lint_auto: 0.12.14 (/opt/ros/humble/share/ament_lint_auto/cmake)
[0.561s] -- Added test 'cppcheck' to perform static code analysis on C / C++ code
[0.561s] -- Configured cppcheck include dirs: 
[0.561s] -- Configured cppcheck exclude dirs and/or files: 
[0.562s] -- Added test 'lint_cmake' to check CMake code style
[0.563s] -- Added test 'uncrustify' to check C / C++ code style
[0.563s] -- Configured uncrustify additional arguments: 
[0.563s] -- Added test 'xmllint' to check XML markup files
[0.564s] -- Configuring done
[0.569s] [31mCMake Error at CMakeLists.txt:18 (add_executable):
[0.569s]   Cannot find source file:
[0.569s] 
[0.569s]     src/curved_path.cpp
[0.570s] 
[0.570s]   Tried extensions .c .C .c++ .cc .cpp .cxx .cu .mpp .m .M .mm .ixx .cppm .h
[0.570s]   .hh .h++ .hm .hpp .hxx .in .txx .f .F .for .f77 .f90 .f95 .f03 .hip .ispc
[0.570s] 
[0.570s] [0m
[0.570s] [31mCMake Error at CMakeLists.txt:18 (add_executable):
[0.570s]   No SOURCES given to target: curved_path
[0.570s] 
[0.570s] [0m
[0.570s] [0mCMake Generate step failed.  Build files cannot be regenerated correctly.[0m
[0.577s] gmake: *** [Makefile:308: cmake_check_build_system] Error 1
[0.579s] Invoked command in '/ros2_ws/build/navigation' returned '2': CMAKE_PREFIX_PATH=/ros2_ws/install/rospi_pre:/ros2_ws/install/navigation:/ros2_ws/install/realsense2_description:/ros2_ws/install/realsense2_camera:/ros2_ws/install/realsense2_camera_msgs:/ros2_ws/install/camera:/opt/ros/humble /usr/bin/cmake --build /ros2_ws/build/navigation -- -j12 -l12
