[0.030s] Invoking command in '/ros2_ws/build/rospi_pre': CMAKE_PREFIX_PATH=${CMAKE_PREFIX_PATH}:/opt/ros/humble /usr/bin/cmake --build /ros2_ws/build/rospi_pre -- -j12 -l12
[0.168s] [  3%] Built target rospi_pre__cpp
[0.184s] [ 12%] Built target rospi_pre__rosidl_generator_c
[0.199s] [ 12%] Built target ament_cmake_python_copy_rospi_pre
[0.237s] [ 22%] Built target rospi_pre__rosidl_typesupport_fastrtps_cpp
[0.249s] [ 32%] Built target rospi_pre__rosidl_typesupport_introspection_cpp
[0.274s] [ 41%] Built target rospi_pre__rosidl_typesupport_fastrtps_c
[0.280s] [ 51%] Built target rospi_pre__rosidl_typesupport_c
[0.287s] [ 61%] Built target rospi_pre__rosidl_typesupport_cpp
[0.288s] [ 70%] Built target rospi_pre__rosidl_typesupport_introspection_c
[0.340s] [ 70%] Built target rospi_pre
[0.381s] [ 74%] Built target rospi_pre__py
[0.433s] [ 80%] Built target rospi_pre__rosidl_generator_py
[0.477s] [ 87%] Built target rospi_pre__rosidl_typesupport_c__pyext
[0.479s] [ 93%] Built target rospi_pre__rosidl_typesupport_fastrtps_c__pyext
[0.480s] [100%] Built target rospi_pre__rosidl_typesupport_introspection_c__pyext
[0.656s] running egg_info
[0.657s] writing rospi_pre.egg-info/PKG-INFO
[0.658s] writing dependency_links to rospi_pre.egg-info/dependency_links.txt
[0.658s] writing top-level names to rospi_pre.egg-info/top_level.txt
[0.662s] reading manifest file 'rospi_pre.egg-info/SOURCES.txt'
[0.663s] writing manifest file 'rospi_pre.egg-info/SOURCES.txt'
[0.719s] [100%] Built target ament_cmake_python_build_rospi_pre_egg
[0.736s] Invoked command in '/ros2_ws/build/rospi_pre' returned '0': CMAKE_PREFIX_PATH=${CMAKE_PREFIX_PATH}:/opt/ros/humble /usr/bin/cmake --build /ros2_ws/build/rospi_pre -- -j12 -l12
[0.739s] Invoking command in '/ros2_ws/build/rospi_pre': CMAKE_PREFIX_PATH=${CMAKE_PREFIX_PATH}:/opt/ros/humble /usr/bin/cmake --install /ros2_ws/build/rospi_pre
[0.750s] -- Install configuration: ""
[0.750s] -- Up-to-date: /ros2_ws/install/rospi_pre/share/ament_index/resource_index/rosidl_interfaces/rospi_pre
[0.750s] -- Up-to-date: /ros2_ws/install/rospi_pre/include/rospi_pre/rospi_pre
[0.750s] -- Up-to-date: /ros2_ws/install/rospi_pre/include/rospi_pre/rospi_pre/msg
[0.750s] -- Up-to-date: /ros2_ws/install/rospi_pre/include/rospi_pre/rospi_pre/msg/rosidl_generator_c__visibility_control.h
[0.750s] -- Up-to-date: /ros2_ws/install/rospi_pre/include/rospi_pre/rospi_pre/srv
[0.751s] -- Up-to-date: /ros2_ws/install/rospi_pre/include/rospi_pre/rospi_pre/srv/detail
[0.751s] -- Up-to-date: /ros2_ws/install/rospi_pre/include/rospi_pre/rospi_pre/srv/detail/chassis_manager__struct.h
[0.751s] -- Up-to-date: /ros2_ws/install/rospi_pre/include/rospi_pre/rospi_pre/srv/detail/chassis_manager__type_support.h
[0.751s] -- Up-to-date: /ros2_ws/install/rospi_pre/include/rospi_pre/rospi_pre/srv/detail/chassis_manager__functions.h
[0.751s] -- Up-to-date: /ros2_ws/install/rospi_pre/include/rospi_pre/rospi_pre/srv/detail/chassis_manager__functions.c
[0.751s] -- Up-to-date: /ros2_ws/install/rospi_pre/include/rospi_pre/rospi_pre/srv/chassis_manager.h
[0.751s] -- Up-to-date: /ros2_ws/install/rospi_pre/share/rospi_pre/environment/library_path.sh
[0.751s] -- Up-to-date: /ros2_ws/install/rospi_pre/share/rospi_pre/environment/library_path.dsv
[0.751s] -- Up-to-date: /ros2_ws/install/rospi_pre/lib/librospi_pre__rosidl_generator_c.so
[0.751s] -- Up-to-date: /ros2_ws/install/rospi_pre/include/rospi_pre/rospi_pre
[0.751s] -- Up-to-date: /ros2_ws/install/rospi_pre/include/rospi_pre/rospi_pre/msg
[0.751s] -- Up-to-date: /ros2_ws/install/rospi_pre/include/rospi_pre/rospi_pre/msg/rosidl_typesupport_fastrtps_c__visibility_control.h
[0.751s] -- Up-to-date: /ros2_ws/install/rospi_pre/include/rospi_pre/rospi_pre/srv
[0.751s] -- Up-to-date: /ros2_ws/install/rospi_pre/include/rospi_pre/rospi_pre/srv/detail
[0.752s] -- Up-to-date: /ros2_ws/install/rospi_pre/include/rospi_pre/rospi_pre/srv/detail/chassis_manager__rosidl_typesupport_fastrtps_c.h
[0.752s] -- Up-to-date: /ros2_ws/install/rospi_pre/lib/librospi_pre__rosidl_typesupport_fastrtps_c.so
[0.752s] -- Up-to-date: /ros2_ws/install/rospi_pre/include/rospi_pre/rospi_pre
[0.752s] -- Up-to-date: /ros2_ws/install/rospi_pre/include/rospi_pre/rospi_pre/msg
[0.752s] -- Up-to-date: /ros2_ws/install/rospi_pre/include/rospi_pre/rospi_pre/msg/rosidl_generator_cpp__visibility_control.hpp
[0.752s] -- Up-to-date: /ros2_ws/install/rospi_pre/include/rospi_pre/rospi_pre/srv
[0.752s] -- Up-to-date: /ros2_ws/install/rospi_pre/include/rospi_pre/rospi_pre/srv/detail
[0.752s] -- Up-to-date: /ros2_ws/install/rospi_pre/include/rospi_pre/rospi_pre/srv/detail/chassis_manager__type_support.hpp
[0.752s] -- Up-to-date: /ros2_ws/install/rospi_pre/include/rospi_pre/rospi_pre/srv/detail/chassis_manager__traits.hpp
[0.752s] -- Up-to-date: /ros2_ws/install/rospi_pre/include/rospi_pre/rospi_pre/srv/detail/chassis_manager__struct.hpp
[0.752s] -- Up-to-date: /ros2_ws/install/rospi_pre/include/rospi_pre/rospi_pre/srv/detail/chassis_manager__builder.hpp
[0.753s] -- Up-to-date: /ros2_ws/install/rospi_pre/include/rospi_pre/rospi_pre/srv/chassis_manager.hpp
[0.753s] -- Up-to-date: /ros2_ws/install/rospi_pre/include/rospi_pre/rospi_pre
[0.753s] -- Up-to-date: /ros2_ws/install/rospi_pre/include/rospi_pre/rospi_pre/msg
[0.753s] -- Up-to-date: /ros2_ws/install/rospi_pre/include/rospi_pre/rospi_pre/msg/rosidl_typesupport_fastrtps_cpp__visibility_control.h
[0.753s] -- Up-to-date: /ros2_ws/install/rospi_pre/include/rospi_pre/rospi_pre/srv
[0.753s] -- Up-to-date: /ros2_ws/install/rospi_pre/include/rospi_pre/rospi_pre/srv/detail
[0.753s] -- Up-to-date: /ros2_ws/install/rospi_pre/include/rospi_pre/rospi_pre/srv/detail/dds_fastrtps
[0.753s] -- Up-to-date: /ros2_ws/install/rospi_pre/include/rospi_pre/rospi_pre/srv/detail/chassis_manager__rosidl_typesupport_fastrtps_cpp.hpp
[0.754s] -- Up-to-date: /ros2_ws/install/rospi_pre/lib/librospi_pre__rosidl_typesupport_fastrtps_cpp.so
[0.754s] -- Up-to-date: /ros2_ws/install/rospi_pre/include/rospi_pre/rospi_pre
[0.754s] -- Up-to-date: /ros2_ws/install/rospi_pre/include/rospi_pre/rospi_pre/msg
[0.754s] -- Up-to-date: /ros2_ws/install/rospi_pre/include/rospi_pre/rospi_pre/msg/rosidl_typesupport_introspection_c__visibility_control.h
[0.754s] -- Up-to-date: /ros2_ws/install/rospi_pre/include/rospi_pre/rospi_pre/srv
[0.754s] -- Up-to-date: /ros2_ws/install/rospi_pre/include/rospi_pre/rospi_pre/srv/detail
[0.754s] -- Up-to-date: /ros2_ws/install/rospi_pre/include/rospi_pre/rospi_pre/srv/detail/chassis_manager__rosidl_typesupport_introspection_c.h
[0.754s] -- Up-to-date: /ros2_ws/install/rospi_pre/include/rospi_pre/rospi_pre/srv/detail/chassis_manager__type_support.c
[0.754s] -- Up-to-date: /ros2_ws/install/rospi_pre/lib/librospi_pre__rosidl_typesupport_introspection_c.so
[0.756s] -- Up-to-date: /ros2_ws/install/rospi_pre/lib/librospi_pre__rosidl_typesupport_c.so
[0.756s] -- Up-to-date: /ros2_ws/install/rospi_pre/include/rospi_pre/rospi_pre
[0.756s] -- Up-to-date: /ros2_ws/install/rospi_pre/include/rospi_pre/rospi_pre/srv
[0.756s] -- Up-to-date: /ros2_ws/install/rospi_pre/include/rospi_pre/rospi_pre/srv/detail
[0.756s] -- Up-to-date: /ros2_ws/install/rospi_pre/include/rospi_pre/rospi_pre/srv/detail/chassis_manager__type_support.cpp
[0.757s] -- Up-to-date: /ros2_ws/install/rospi_pre/include/rospi_pre/rospi_pre/srv/detail/chassis_manager__rosidl_typesupport_introspection_cpp.hpp
[0.757s] -- Up-to-date: /ros2_ws/install/rospi_pre/lib/librospi_pre__rosidl_typesupport_introspection_cpp.so
[0.758s] -- Up-to-date: /ros2_ws/install/rospi_pre/lib/librospi_pre__rosidl_typesupport_cpp.so
[0.758s] -- Up-to-date: /ros2_ws/install/rospi_pre/share/rospi_pre/environment/pythonpath.sh
[0.758s] -- Up-to-date: /ros2_ws/install/rospi_pre/share/rospi_pre/environment/pythonpath.dsv
[0.758s] -- Up-to-date: /ros2_ws/install/rospi_pre/local/lib/python3.10/dist-packages/rospi_pre-0.0.0-py3.10.egg-info
[0.759s] -- Installing: /ros2_ws/install/rospi_pre/local/lib/python3.10/dist-packages/rospi_pre-0.0.0-py3.10.egg-info/PKG-INFO
[0.759s] -- Installing: /ros2_ws/install/rospi_pre/local/lib/python3.10/dist-packages/rospi_pre-0.0.0-py3.10.egg-info/SOURCES.txt
[0.759s] -- Installing: /ros2_ws/install/rospi_pre/local/lib/python3.10/dist-packages/rospi_pre-0.0.0-py3.10.egg-info/top_level.txt
[0.760s] -- Installing: /ros2_ws/install/rospi_pre/local/lib/python3.10/dist-packages/rospi_pre-0.0.0-py3.10.egg-info/dependency_links.txt
[0.760s] -- Up-to-date: /ros2_ws/install/rospi_pre/local/lib/python3.10/dist-packages/rospi_pre
[0.760s] -- Up-to-date: /ros2_ws/install/rospi_pre/local/lib/python3.10/dist-packages/rospi_pre/_rospi_pre_s.ep.rosidl_typesupport_introspection_c.c
[0.760s] -- Up-to-date: /ros2_ws/install/rospi_pre/local/lib/python3.10/dist-packages/rospi_pre/__init__.py
[0.760s] -- Up-to-date: /ros2_ws/install/rospi_pre/local/lib/python3.10/dist-packages/rospi_pre/rospi_pre_s__rosidl_typesupport_c.cpython-310-x86_64-linux-gnu.so
[0.760s] -- Up-to-date: /ros2_ws/install/rospi_pre/local/lib/python3.10/dist-packages/rospi_pre/rospi_pre_s__rosidl_typesupport_introspection_c.cpython-310-x86_64-linux-gnu.so
[0.760s] -- Up-to-date: /ros2_ws/install/rospi_pre/local/lib/python3.10/dist-packages/rospi_pre/_rospi_pre_s.ep.rosidl_typesupport_c.c
[0.760s] -- Up-to-date: /ros2_ws/install/rospi_pre/local/lib/python3.10/dist-packages/rospi_pre/_rospi_pre_s.ep.rosidl_typesupport_fastrtps_c.c
[0.761s] -- Up-to-date: /ros2_ws/install/rospi_pre/local/lib/python3.10/dist-packages/rospi_pre/rospi_pre_s__rosidl_typesupport_fastrtps_c.cpython-310-x86_64-linux-gnu.so
[0.761s] -- Up-to-date: /ros2_ws/install/rospi_pre/local/lib/python3.10/dist-packages/rospi_pre/librospi_pre__rosidl_generator_py.so
[0.761s] -- Up-to-date: /ros2_ws/install/rospi_pre/local/lib/python3.10/dist-packages/rospi_pre/srv
[0.761s] -- Up-to-date: /ros2_ws/install/rospi_pre/local/lib/python3.10/dist-packages/rospi_pre/srv/__init__.py
[0.761s] -- Up-to-date: /ros2_ws/install/rospi_pre/local/lib/python3.10/dist-packages/rospi_pre/srv/_chassis_manager.py
[0.761s] -- Up-to-date: /ros2_ws/install/rospi_pre/local/lib/python3.10/dist-packages/rospi_pre/srv/_chassis_manager_s.c
[0.789s] Listing '/ros2_ws/install/rospi_pre/local/lib/python3.10/dist-packages/rospi_pre'...
[0.789s] Listing '/ros2_ws/install/rospi_pre/local/lib/python3.10/dist-packages/rospi_pre/srv'...
[0.794s] -- Up-to-date: /ros2_ws/install/rospi_pre/local/lib/python3.10/dist-packages/rospi_pre/rospi_pre_s__rosidl_typesupport_fastrtps_c.cpython-310-x86_64-linux-gnu.so
[0.795s] -- Up-to-date: /ros2_ws/install/rospi_pre/local/lib/python3.10/dist-packages/rospi_pre/rospi_pre_s__rosidl_typesupport_introspection_c.cpython-310-x86_64-linux-gnu.so
[0.795s] -- Up-to-date: /ros2_ws/install/rospi_pre/local/lib/python3.10/dist-packages/rospi_pre/rospi_pre_s__rosidl_typesupport_c.cpython-310-x86_64-linux-gnu.so
[0.795s] -- Up-to-date: /ros2_ws/install/rospi_pre/lib/librospi_pre__rosidl_generator_py.so
[0.795s] -- Up-to-date: /ros2_ws/install/rospi_pre/share/rospi_pre/srv/ChassisManager.idl
[0.795s] -- Up-to-date: /ros2_ws/install/rospi_pre/share/rospi_pre/srv/ChassisManager.srv
[0.796s] -- Up-to-date: /ros2_ws/install/rospi_pre/share/rospi_pre/srv/ChassisManager_Request.msg
[0.796s] -- Up-to-date: /ros2_ws/install/rospi_pre/share/rospi_pre/srv/ChassisManager_Response.msg
[0.796s] -- Up-to-date: /ros2_ws/install/rospi_pre/share/ament_index/resource_index/package_run_dependencies/rospi_pre
[0.796s] -- Up-to-date: /ros2_ws/install/rospi_pre/share/ament_index/resource_index/parent_prefix_path/rospi_pre
[0.796s] -- Up-to-date: /ros2_ws/install/rospi_pre/share/rospi_pre/environment/ament_prefix_path.sh
[0.796s] -- Up-to-date: /ros2_ws/install/rospi_pre/share/rospi_pre/environment/ament_prefix_path.dsv
[0.796s] -- Up-to-date: /ros2_ws/install/rospi_pre/share/rospi_pre/environment/path.sh
[0.796s] -- Up-to-date: /ros2_ws/install/rospi_pre/share/rospi_pre/environment/path.dsv
[0.796s] -- Up-to-date: /ros2_ws/install/rospi_pre/share/rospi_pre/local_setup.bash
[0.796s] -- Up-to-date: /ros2_ws/install/rospi_pre/share/rospi_pre/local_setup.sh
[0.796s] -- Up-to-date: /ros2_ws/install/rospi_pre/share/rospi_pre/local_setup.zsh
[0.796s] -- Up-to-date: /ros2_ws/install/rospi_pre/share/rospi_pre/local_setup.dsv
[0.796s] -- Installing: /ros2_ws/install/rospi_pre/share/rospi_pre/package.dsv
[0.796s] -- Up-to-date: /ros2_ws/install/rospi_pre/share/ament_index/resource_index/packages/rospi_pre
[0.796s] -- Up-to-date: /ros2_ws/install/rospi_pre/share/rospi_pre/cmake/export_rospi_pre__rosidl_generator_cExport.cmake
[0.796s] -- Up-to-date: /ros2_ws/install/rospi_pre/share/rospi_pre/cmake/export_rospi_pre__rosidl_generator_cExport-noconfig.cmake
[0.797s] -- Up-to-date: /ros2_ws/install/rospi_pre/share/rospi_pre/cmake/export_rospi_pre__rosidl_typesupport_fastrtps_cExport.cmake
[0.797s] -- Up-to-date: /ros2_ws/install/rospi_pre/share/rospi_pre/cmake/export_rospi_pre__rosidl_typesupport_fastrtps_cExport-noconfig.cmake
[0.797s] -- Up-to-date: /ros2_ws/install/rospi_pre/share/rospi_pre/cmake/export_rospi_pre__rosidl_generator_cppExport.cmake
[0.797s] -- Up-to-date: /ros2_ws/install/rospi_pre/share/rospi_pre/cmake/export_rospi_pre__rosidl_typesupport_fastrtps_cppExport.cmake
[0.797s] -- Up-to-date: /ros2_ws/install/rospi_pre/share/rospi_pre/cmake/export_rospi_pre__rosidl_typesupport_fastrtps_cppExport-noconfig.cmake
[0.797s] -- Up-to-date: /ros2_ws/install/rospi_pre/share/rospi_pre/cmake/rospi_pre__rosidl_typesupport_introspection_cExport.cmake
[0.797s] -- Up-to-date: /ros2_ws/install/rospi_pre/share/rospi_pre/cmake/rospi_pre__rosidl_typesupport_introspection_cExport-noconfig.cmake
[0.797s] -- Up-to-date: /ros2_ws/install/rospi_pre/share/rospi_pre/cmake/rospi_pre__rosidl_typesupport_cExport.cmake
[0.797s] -- Up-to-date: /ros2_ws/install/rospi_pre/share/rospi_pre/cmake/rospi_pre__rosidl_typesupport_cExport-noconfig.cmake
[0.797s] -- Up-to-date: /ros2_ws/install/rospi_pre/share/rospi_pre/cmake/rospi_pre__rosidl_typesupport_introspection_cppExport.cmake
[0.797s] -- Up-to-date: /ros2_ws/install/rospi_pre/share/rospi_pre/cmake/rospi_pre__rosidl_typesupport_introspection_cppExport-noconfig.cmake
[0.797s] -- Up-to-date: /ros2_ws/install/rospi_pre/share/rospi_pre/cmake/rospi_pre__rosidl_typesupport_cppExport.cmake
[0.797s] -- Up-to-date: /ros2_ws/install/rospi_pre/share/rospi_pre/cmake/rospi_pre__rosidl_typesupport_cppExport-noconfig.cmake
[0.798s] -- Up-to-date: /ros2_ws/install/rospi_pre/share/rospi_pre/cmake/export_rospi_pre__rosidl_generator_pyExport.cmake
[0.798s] -- Up-to-date: /ros2_ws/install/rospi_pre/share/rospi_pre/cmake/export_rospi_pre__rosidl_generator_pyExport-noconfig.cmake
[0.798s] -- Up-to-date: /ros2_ws/install/rospi_pre/share/rospi_pre/cmake/rosidl_cmake-extras.cmake
[0.798s] -- Up-to-date: /ros2_ws/install/rospi_pre/share/rospi_pre/cmake/ament_cmake_export_dependencies-extras.cmake
[0.798s] -- Up-to-date: /ros2_ws/install/rospi_pre/share/rospi_pre/cmake/ament_cmake_export_include_directories-extras.cmake
[0.798s] -- Up-to-date: /ros2_ws/install/rospi_pre/share/rospi_pre/cmake/ament_cmake_export_libraries-extras.cmake
[0.798s] -- Up-to-date: /ros2_ws/install/rospi_pre/share/rospi_pre/cmake/ament_cmake_export_targets-extras.cmake
[0.798s] -- Up-to-date: /ros2_ws/install/rospi_pre/share/rospi_pre/cmake/rosidl_cmake_export_typesupport_targets-extras.cmake
[0.798s] -- Up-to-date: /ros2_ws/install/rospi_pre/share/rospi_pre/cmake/rosidl_cmake_export_typesupport_libraries-extras.cmake
[0.798s] -- Up-to-date: /ros2_ws/install/rospi_pre/share/rospi_pre/cmake/rospi_preConfig.cmake
[0.798s] -- Up-to-date: /ros2_ws/install/rospi_pre/share/rospi_pre/cmake/rospi_preConfig-version.cmake
[0.798s] -- Up-to-date: /ros2_ws/install/rospi_pre/share/rospi_pre/package.xml
[0.803s] Invoked command in '/ros2_ws/build/rospi_pre' returned '0': CMAKE_PREFIX_PATH=${CMAKE_PREFIX_PATH}:/opt/ros/humble /usr/bin/cmake --install /ros2_ws/build/rospi_pre
