[0.024s] Invoking command in '/ros2_ws/build/navigation': CMAKE_PREFIX_PATH=/ros2_ws/install/rospi_pre:/ros2_ws/install/navigation:/ros2_ws/install/realsense2_description:/ros2_ws/install/realsense2_camera:/ros2_ws/install/realsense2_camera_msgs:/ros2_ws/install/camera:/opt/ros/humble /usr/bin/cmake --build /ros2_ws/build/navigation -- -j12 -l12
[0.045s] -- Found ament_cmake: 1.3.12 (/opt/ros/humble/share/ament_cmake/cmake)
[0.138s] -- Found rclcpp: 16.0.14 (/opt/ros/humble/share/rclcpp/cmake)
[0.159s] -- Found rosidl_generator_c: 3.1.7 (/opt/ros/humble/share/rosidl_generator_c/cmake)
[0.161s] -- Found rosidl_adapter: 3.1.7 (/opt/ros/humble/share/rosidl_adapter/cmake)
[0.165s] -- Found rosidl_generator_cpp: 3.1.7 (/opt/ros/humble/share/rosidl_generator_cpp/cmake)
[0.172s] -- Using all available rosidl_typesupport_c: rosidl_typesupport_fastrtps_c;rosidl_typesupport_introspection_c
[0.180s] -- Using all available rosidl_typesupport_cpp: rosidl_typesupport_fastrtps_cpp;rosidl_typesupport_introspection_cpp
[0.203s] -- Found rmw_implementation_cmake: 6.1.2 (/opt/ros/humble/share/rmw_implementation_cmake/cmake)
[0.203s] -- Found rmw_cyclonedds_cpp: 1.3.4 (/opt/ros/humble/share/rmw_cyclonedds_cpp/cmake)
[0.216s] -- Using RMW implementation 'rmw_cyclonedds_cpp' as default
[0.249s] -- Found nav_msgs: 4.9.0 (/opt/ros/humble/share/nav_msgs/cmake)
[0.269s] -- Found rospi_pre: 0.0.0 (/ros2_ws/install/rospi_pre/share/rospi_pre/cmake)
[0.281s] -- Found ament_lint_auto: 0.12.14 (/opt/ros/humble/share/ament_lint_auto/cmake)
[0.330s] -- Added test 'cppcheck' to perform static code analysis on C / C++ code
[0.330s] -- Configured cppcheck include dirs: 
[0.330s] -- Configured cppcheck exclude dirs and/or files: 
[0.331s] -- Added test 'lint_cmake' to check CMake code style
[0.332s] -- Added test 'uncrustify' to check C / C++ code style
[0.332s] -- Configured uncrustify additional arguments: 
[0.332s] -- Added test 'xmllint' to check XML markup files
[0.333s] -- Configuring done
[0.347s] -- Generating done
[0.352s] -- Build files have been written to: /ros2_ws/build/navigation
[0.374s] [35m[1mConsolidate compiler generated dependencies of target chassis_controller[0m
[0.375s] [35m[1mConsolidate compiler generated dependencies of target check_point_4[0m
[0.383s] [ 16%] [32mBuilding CXX object CMakeFiles/curved_path_tracker.dir/src/curved_path_tracker.cpp.o[0m
[0.391s] [ 83%] Built target chassis_controller
[0.391s] [ 83%] Built target check_point_4
[6.601s] [100%] [32m[1mLinking CXX executable curved_path_tracker[0m
[6.863s] [100%] Built target curved_path_tracker
[6.874s] Invoked command in '/ros2_ws/build/navigation' returned '0': CMAKE_PREFIX_PATH=/ros2_ws/install/rospi_pre:/ros2_ws/install/navigation:/ros2_ws/install/realsense2_description:/ros2_ws/install/realsense2_camera:/ros2_ws/install/realsense2_camera_msgs:/ros2_ws/install/camera:/opt/ros/humble /usr/bin/cmake --build /ros2_ws/build/navigation -- -j12 -l12
[6.883s] Invoking command in '/ros2_ws/build/navigation': CMAKE_PREFIX_PATH=/ros2_ws/install/rospi_pre:/ros2_ws/install/navigation:/ros2_ws/install/realsense2_description:/ros2_ws/install/realsense2_camera:/ros2_ws/install/realsense2_camera_msgs:/ros2_ws/install/camera:/opt/ros/humble /usr/bin/cmake --install /ros2_ws/build/navigation
[6.889s] -- Install configuration: ""
[6.889s] -- Up-to-date: /ros2_ws/install/navigation/lib/navigation/check_point_4
[6.890s] -- Up-to-date: /ros2_ws/install/navigation/lib/navigation/chassis_controller
[6.890s] -- Up-to-date: /ros2_ws/install/navigation/share/ament_index/resource_index/package_run_dependencies/navigation
[6.890s] -- Up-to-date: /ros2_ws/install/navigation/share/ament_index/resource_index/parent_prefix_path/navigation
[6.890s] -- Up-to-date: /ros2_ws/install/navigation/share/navigation/environment/ament_prefix_path.sh
[6.890s] -- Installing: /ros2_ws/install/navigation/share/navigation/environment/ament_prefix_path.dsv
[6.890s] -- Up-to-date: /ros2_ws/install/navigation/share/navigation/environment/path.sh
[6.890s] -- Installing: /ros2_ws/install/navigation/share/navigation/environment/path.dsv
[6.890s] -- Up-to-date: /ros2_ws/install/navigation/share/navigation/local_setup.bash
[6.890s] -- Up-to-date: /ros2_ws/install/navigation/share/navigation/local_setup.sh
[6.890s] -- Up-to-date: /ros2_ws/install/navigation/share/navigation/local_setup.zsh
[6.890s] -- Installing: /ros2_ws/install/navigation/share/navigation/local_setup.dsv
[6.891s] -- Installing: /ros2_ws/install/navigation/share/navigation/package.dsv
[6.891s] -- Up-to-date: /ros2_ws/install/navigation/share/ament_index/resource_index/packages/navigation
[6.891s] -- Up-to-date: /ros2_ws/install/navigation/share/navigation/cmake/navigationConfig.cmake
[6.891s] -- Up-to-date: /ros2_ws/install/navigation/share/navigation/cmake/navigationConfig-version.cmake
[6.891s] -- Up-to-date: /ros2_ws/install/navigation/share/navigation/package.xml
[6.893s] Invoked command in '/ros2_ws/build/navigation' returned '0': CMAKE_PREFIX_PATH=/ros2_ws/install/rospi_pre:/ros2_ws/install/navigation:/ros2_ws/install/realsense2_description:/ros2_ws/install/realsense2_camera:/ros2_ws/install/realsense2_camera_msgs:/ros2_ws/install/camera:/opt/ros/humble /usr/bin/cmake --install /ros2_ws/build/navigation
